#
# There is insufficient memory for the Java Runtime Environment to continue.
# Native memory allocation (malloc) failed to allocate 92592 bytes for Chunk::new
# Possible reasons:
#   The system is out of physical RAM or swap space
#   The process is running with CompressedOops enabled, and the Java Heap may be blocking the growth of the native heap
# Possible solutions:
#   Reduce memory load on the system
#   Increase physical memory or swap space
#   Check if swap backing store is full
#   Decrease Java heap size (-Xmx/-Xms)
#   Decrease number of Java threads
#   Decrease Java thread stack sizes (-Xss)
#   Set larger code cache with -XX:ReservedCodeCacheSize=
#   JVM is running with Unscaled Compressed Oops mode in which the Java heap is
#     placed in the first 4GB address space. The Java Heap base address is the
#     maximum limit for the native heap growth. Please use -XX:HeapBaseMinAddress
#     to set the Java Heap base and to place the Java Heap above 4GB virtual address.
# This output file may be truncated or incomplete.
#
#  Out of Memory Error (src/hotspot/share/memory/arena.cpp:197), pid=6208, tid=21748
#
# JRE version: OpenJDK Runtime Environment (11.0.15) (build 11.0.15+0-b2043.56-9505619)
# Java VM: OpenJDK 64-Bit Server VM (11.0.15+0-b2043.56-9505619, mixed mode, tiered, compressed oops, g1 gc, windows-amd64)
# No core dump will be written. Minidumps are not enabled by default on client versions of Windows
#

---------------  S U M M A R Y ------------

Command Line: --add-opens=java.base/java.util=ALL-UNNAMED --add-opens=java.base/java.lang=ALL-UNNAMED --add-opens=java.base/java.lang.invoke=ALL-UNNAMED --add-opens=java.prefs/java.util.prefs=ALL-UNNAMED -Xmx2048m -Dfile.encoding=UTF-8 -Duser.country=US -Duser.language=en -Duser.variant org.gradle.launcher.daemon.bootstrap.GradleDaemon 6.7.1

Host: Intel(R) Core(TM) i7-10750H CPU @ 2.60GHz, 12 cores, 15G,  Windows 11 , 64 bit Build 22000 (10.0.22000.1516)
Time: Wed Mar 22 13:57:39 2023 SE Asia Standard Time elapsed time: 15.378479 seconds (0d 0h 0m 15s)

---------------  T H R E A D  ---------------

Current thread (0x00000214f6c57000):  JavaThread "C2 CompilerThread0" daemon [_thread_in_native, id=21748, stack(0x000000e592000000,0x000000e592100000)]


Current CompileTask:
C2:  15378 4316       4       org.gradle.internal.classpath.InstrumentingClasspathFileTransformer::lambda$visitEntries$1 (299 bytes)

Stack: [0x000000e592000000,0x000000e592100000]
Native frames: (J=compiled Java code, j=interpreted, Vv=VM code, C=native code)
V  [jvm.dll+0x64135a]
V  [jvm.dll+0x7d39f9]
V  [jvm.dll+0x7d51b9]
V  [jvm.dll+0x7d58a3]
V  [jvm.dll+0x2691c5]
V  [jvm.dll+0xc1a5c]
V  [jvm.dll+0xc200c]
V  [jvm.dll+0x2da8e7]
V  [jvm.dll+0x54cad9]
V  [jvm.dll+0x220c9d]
V  [jvm.dll+0x223152]
V  [jvm.dll+0x220384]
V  [jvm.dll+0x19e851]
V  [jvm.dll+0x230479]
V  [jvm.dll+0x22e5ef]
V  [jvm.dll+0x794de1]
V  [jvm.dll+0x78dc24]
V  [jvm.dll+0x6400f6]
C  [ucrtbase.dll+0x26c0c]
C  [KERNEL32.DLL+0x155a0]
C  [ntdll.dll+0x485b]


---------------  P R O C E S S  ---------------

Threads class SMR info:
_java_thread_list=0x00000214fac06bf0, length=52, elements={
0x00000214dba82800, 0x00000214f6bf0800, 0x00000214f6bfc000, 0x00000214f6c51800,
0x00000214f6c52800, 0x00000214f6c55800, 0x00000214f6c57000, 0x00000214f6c58000,
0x00000214f6c5b000, 0x00000214f6dd7000, 0x00000214f827b800, 0x00000214f8da9000,
0x00000214f8ad0800, 0x00000214f8ce7800, 0x00000214f964e000, 0x00000214f9651000,
0x00000214f8fff000, 0x00000214f9172000, 0x00000214fa529000, 0x00000214f91c7800,
0x00000214f91cb800, 0x00000214f91c9800, 0x00000214f91cb000, 0x00000214f91ce000,
0x00000214f91cc800, 0x00000214f91cd800, 0x00000214f91c8800, 0x00000214f91ca000,
0x00000214f9f36000, 0x00000214f9f37800, 0x00000214f9f38000, 0x00000214f9f36800,
0x00000214f9f39000, 0x00000214f9f3a000, 0x00000214f9f3a800, 0x00000214f9f35000,
0x00000214f9f3c800, 0x00000214f9f3e800, 0x00000214f9f40800, 0x00000214f9f41000,
0x00000214f9f3b800, 0x00000214f9f3f800, 0x00000214f9f42000, 0x00000214f9f43000,
0x00000214f9f3d000, 0x00000214f9f43800, 0x00000214f9f3e000, 0x00000214fa160800,
0x00000214fa161800, 0x00000214f9200800, 0x00000214fa15f000, 0x00000214f91ff800
}

Java Threads: ( => current thread )
  0x00000214dba82800 JavaThread "main" [_thread_blocked, id=16348, stack(0x000000e591400000,0x000000e591500000)]
  0x00000214f6bf0800 JavaThread "Reference Handler" daemon [_thread_blocked, id=4784, stack(0x000000e591b00000,0x000000e591c00000)]
  0x00000214f6bfc000 JavaThread "Finalizer" daemon [_thread_blocked, id=16184, stack(0x000000e591c00000,0x000000e591d00000)]
  0x00000214f6c51800 JavaThread "Signal Dispatcher" daemon [_thread_blocked, id=24480, stack(0x000000e591d00000,0x000000e591e00000)]
  0x00000214f6c52800 JavaThread "Attach Listener" daemon [_thread_blocked, id=9588, stack(0x000000e591e00000,0x000000e591f00000)]
  0x00000214f6c55800 JavaThread "Service Thread" daemon [_thread_blocked, id=8776, stack(0x000000e591f00000,0x000000e592000000)]
=>0x00000214f6c57000 JavaThread "C2 CompilerThread0" daemon [_thread_in_native, id=21748, stack(0x000000e592000000,0x000000e592100000)]
  0x00000214f6c58000 JavaThread "C1 CompilerThread0" daemon [_thread_blocked, id=12092, stack(0x000000e592100000,0x000000e592200000)]
  0x00000214f6c5b000 JavaThread "Sweeper thread" daemon [_thread_blocked, id=12348, stack(0x000000e592200000,0x000000e592300000)]
  0x00000214f6dd7000 JavaThread "Common-Cleaner" daemon [_thread_blocked, id=10680, stack(0x000000e592300000,0x000000e592400000)]
  0x00000214f827b800 JavaThread "Daemon health stats" [_thread_blocked, id=6224, stack(0x000000e592c00000,0x000000e592d00000)]
  0x00000214f8da9000 JavaThread "Incoming local TCP Connector on port 53713" [_thread_in_native, id=7244, stack(0x000000e592f00000,0x000000e593000000)]
  0x00000214f8ad0800 JavaThread "Daemon periodic checks" [_thread_blocked, id=1868, stack(0x000000e593000000,0x000000e593100000)]
  0x00000214f8ce7800 JavaThread "Daemon" [_thread_blocked, id=8204, stack(0x000000e593100000,0x000000e593200000)]
  0x00000214f964e000 JavaThread "Handler for socket connection from /127.0.0.1:53713 to /127.0.0.1:53714" [_thread_in_native, id=21532, stack(0x000000e593200000,0x000000e593300000)]
  0x00000214f9651000 JavaThread "Cancel handler" [_thread_blocked, id=19064, stack(0x000000e593300000,0x000000e593400000)]
  0x00000214f8fff000 JavaThread "Daemon worker" [_thread_blocked, id=6056, stack(0x000000e593400000,0x000000e593500000)]
  0x00000214f9172000 JavaThread "Asynchronous log dispatcher for DefaultDaemonConnection: socket connection from /127.0.0.1:53713 to /127.0.0.1:53714" [_thread_blocked, id=10260, stack(0x000000e593500000,0x000000e593600000)]
  0x00000214fa529000 JavaThread "Stdin handler" [_thread_blocked, id=20608, stack(0x000000e593600000,0x000000e593700000)]
  0x00000214f91c7800 JavaThread "Thread-8" [_thread_blocked, id=18828, stack(0x000000e593700000,0x000000e593800000)]
  0x00000214f91cb800 JavaThread "Cache worker for file hash cache (D:\androicoban\DuanmauAndroid\caches\6.7.1\fileHashes)" [_thread_blocked, id=24436, stack(0x000000e593800000,0x000000e593900000)]
  0x00000214f91c9800 JavaThread "File lock request listener" [_thread_in_native, id=8688, stack(0x000000e593900000,0x000000e593a00000)]
  0x00000214f91cb000 JavaThread "Cache worker for journal cache (D:\androicoban\DuanmauAndroid\caches\journal-1)" [_thread_blocked, id=1264, stack(0x000000e594000000,0x000000e594100000)]
  0x00000214f91ce000 JavaThread "Cache worker for file hash cache (D:\androicoban\Gocpho69\.gradle\6.7.1\fileHashes)" [_thread_blocked, id=25012, stack(0x000000e594100000,0x000000e594200000)]
  0x00000214f91cc800 JavaThread "jar transforms" [_thread_blocked, id=16284, stack(0x000000e594200000,0x000000e594300000)]
  0x00000214f91cd800 JavaThread "jar transforms Thread 2" [_thread_blocked, id=2252, stack(0x000000e592500000,0x000000e592600000)]
  0x00000214f91c8800 JavaThread "jar transforms Thread 3" [_thread_blocked, id=23536, stack(0x000000e592b00000,0x000000e592c00000)]
  0x00000214f91ca000 JavaThread "jar transforms Thread 4" [_thread_blocked, id=432, stack(0x000000e594300000,0x000000e594400000)]
  0x00000214f9f36000 JavaThread "jar transforms Thread 5" [_thread_blocked, id=25388, stack(0x000000e594400000,0x000000e594500000)]
  0x00000214f9f37800 JavaThread "jar transforms Thread 6" [_thread_blocked, id=13532, stack(0x000000e594500000,0x000000e594600000)]
  0x00000214f9f38000 JavaThread "jar transforms Thread 7" [_thread_blocked, id=20716, stack(0x000000e594600000,0x000000e594700000)]
  0x00000214f9f36800 JavaThread "jar transforms Thread 8" [_thread_blocked, id=8144, stack(0x000000e594700000,0x000000e594800000)]
  0x00000214f9f39000 JavaThread "jar transforms Thread 9" [_thread_blocked, id=12136, stack(0x000000e594800000,0x000000e594900000)]
  0x00000214f9f3a000 JavaThread "jar transforms Thread 10" [_thread_blocked, id=24884, stack(0x000000e594900000,0x000000e594a00000)]
  0x00000214f9f3a800 JavaThread "jar transforms Thread 11" [_thread_blocked, id=23592, stack(0x000000e594a00000,0x000000e594b00000)]
  0x00000214f9f35000 JavaThread "jar transforms Thread 12" [_thread_blocked, id=21360, stack(0x000000e594b00000,0x000000e594c00000)]
  0x00000214f9f3c800 JavaThread "jar transforms Thread 13" [_thread_blocked, id=1108, stack(0x000000e594c00000,0x000000e594d00000)]
  0x00000214f9f3e800 JavaThread "jar transforms Thread 14" [_thread_blocked, id=11292, stack(0x000000e594d00000,0x000000e594e00000)]
  0x00000214f9f40800 JavaThread "jar transforms Thread 15" [_thread_blocked, id=20820, stack(0x000000e594e00000,0x000000e594f00000)]
  0x00000214f9f41000 JavaThread "jar transforms Thread 16" [_thread_blocked, id=13564, stack(0x000000e594f00000,0x000000e595000000)]
  0x00000214f9f3b800 JavaThread "jar transforms Thread 17" [_thread_blocked, id=876, stack(0x000000e595000000,0x000000e595100000)]
  0x00000214f9f3f800 JavaThread "jar transforms Thread 18" [_thread_blocked, id=4804, stack(0x000000e595100000,0x000000e595200000)]
  0x00000214f9f42000 JavaThread "jar transforms Thread 19" [_thread_blocked, id=22184, stack(0x000000e595200000,0x000000e595300000)]
  0x00000214f9f43000 JavaThread "jar transforms Thread 20" [_thread_blocked, id=13724, stack(0x000000e595300000,0x000000e595400000)]
  0x00000214f9f3d000 JavaThread "jar transforms Thread 21" [_thread_in_native, id=13300, stack(0x000000e595400000,0x000000e595500000)]
  0x00000214f9f43800 JavaThread "Cache worker for checksums cache (D:\androicoban\Gocpho69\.gradle\checksums)" [_thread_blocked, id=20632, stack(0x000000e595500000,0x000000e595600000)]
  0x00000214f9f3e000 JavaThread "Cache worker for cache directory md-supplier (D:\androicoban\DuanmauAndroid\caches\6.7.1\md-supplier)" [_thread_blocked, id=4728, stack(0x000000e595600000,0x000000e595700000)]
  0x00000214fa160800 JavaThread "Cache worker for cache directory md-rule (D:\androicoban\DuanmauAndroid\caches\6.7.1\md-rule)" [_thread_blocked, id=5180, stack(0x000000e595700000,0x000000e595800000)]
  0x00000214fa161800 JavaThread "Cache worker for execution history cache (D:\androicoban\DuanmauAndroid\caches\6.7.1\executionHistory)" [_thread_blocked, id=23824, stack(0x000000e595800000,0x000000e595900000)]
  0x00000214f9200800 JavaThread "C2 CompilerThread1" daemon [_thread_in_native, id=16724, stack(0x000000e595900000,0x000000e595a00000)]
  0x00000214fa15f000 JavaThread "Cache worker for file content cache (D:\androicoban\DuanmauAndroid\caches\6.7.1\fileContent)" [_thread_blocked, id=10312, stack(0x000000e595a00000,0x000000e595b00000)]
  0x00000214f91ff800 JavaThread "C2 CompilerThread2" daemon [_thread_in_native, id=15180, stack(0x000000e595b00000,0x000000e595c00000)]

Other Threads:
  0x00000214f6bee800 VMThread "VM Thread" [stack: 0x000000e591a00000,0x000000e591b00000] [id=15228]
  0x00000214f6dfc800 WatcherThread [stack: 0x000000e592400000,0x000000e592500000] [id=25048]
  0x00000214dba9f000 GCTaskThread "GC Thread#0" [stack: 0x000000e591500000,0x000000e591600000] [id=24644]
  0x00000214f7c3a000 GCTaskThread "GC Thread#1" [stack: 0x000000e592600000,0x000000e592700000] [id=11168]
  0x00000214f760d000 GCTaskThread "GC Thread#2" [stack: 0x000000e592700000,0x000000e592800000] [id=12932]
  0x00000214f7c20000 GCTaskThread "GC Thread#3" [stack: 0x000000e592800000,0x000000e592900000] [id=6812]
  0x00000214f7c21000 GCTaskThread "GC Thread#4" [stack: 0x000000e592900000,0x000000e592a00000] [id=6264]
  0x00000214f7204800 GCTaskThread "GC Thread#5" [stack: 0x000000e592a00000,0x000000e592b00000] [id=17588]
  0x00000214fa374800 GCTaskThread "GC Thread#6" [stack: 0x000000e593a00000,0x000000e593b00000] [id=1328]
  0x00000214f9219000 GCTaskThread "GC Thread#7" [stack: 0x000000e593b00000,0x000000e593c00000] [id=24752]
  0x00000214f7d6f000 GCTaskThread "GC Thread#8" [stack: 0x000000e593c00000,0x000000e593d00000] [id=10668]
  0x00000214f8d4f000 GCTaskThread "GC Thread#9" [stack: 0x000000e593d00000,0x000000e593e00000] [id=11308]
  0x00000214dbacf000 ConcurrentGCThread "G1 Main Marker" [stack: 0x000000e591600000,0x000000e591700000] [id=21216]
  0x00000214dbad1000 ConcurrentGCThread "G1 Conc#0" [stack: 0x000000e591700000,0x000000e591800000] [id=5332]
  0x00000214f8a6f000 ConcurrentGCThread "G1 Conc#1" [stack: 0x000000e593e00000,0x000000e593f00000] [id=13768]
  0x00000214f92b3000 ConcurrentGCThread "G1 Conc#2" [stack: 0x000000e593f00000,0x000000e594000000] [id=24528]
  0x00000214f623b800 ConcurrentGCThread "G1 Refine#0" [stack: 0x000000e591800000,0x000000e591900000] [id=9004]
  0x00000214f623e800 ConcurrentGCThread "G1 Young RemSet Sampling" [stack: 0x000000e591900000,0x000000e591a00000] [id=17740]

Threads with active compile tasks:
C2 CompilerThread0    15400 4316       4       org.gradle.internal.classpath.InstrumentingClasspathFileTransformer::lambda$visitEntries$1 (299 bytes)
C2 CompilerThread1    15400 4317       4       org.gradle.internal.classpath.ClasspathBuilder$ZipEntryBuilder::put (44 bytes)
C2 CompilerThread2    15400 4318       4       org.apache.tools.zip.ZipEncodingHelper::isUTF8 (34 bytes)

VM state:not at safepoint (normal execution)

VM Mutex/Monitor currently owned by a thread: None

Heap address: 0x0000000080000000, size: 2048 MB, Compressed Oops mode: 32-bit
Narrow klass base: 0x0000000000000000, Narrow klass shift: 3
Compressed class space size: 1073741824 Address: 0x0000000100000000

Heap:
 garbage-first heap   total 260096K, used 99276K [0x0000000080000000, 0x0000000100000000)
  region size 1024K, 24 young (24576K), 13 survivors (13312K)
 Metaspace       used 43617K, capacity 44561K, committed 44848K, reserved 1089536K
  class space    used 5384K, capacity 5706K, committed 5760K, reserved 1048576K
Heap Regions: E=young(eden), S=young(survivor), O=old, HS=humongous(starts), HC=humongous(continues), CS=collection set, F=free, A=archive, TAMS=top-at-mark-start (previous, next)
|   0|0x0000000080000000, 0x0000000080100000, 0x0000000080100000|100%| O|  |TAMS 0x0000000080100000, 0x0000000080000000| Untracked 
|   1|0x0000000080100000, 0x0000000080200000, 0x0000000080200000|100%| O|  |TAMS 0x0000000080200000, 0x0000000080100000| Untracked 
|   2|0x0000000080200000, 0x0000000080300000, 0x0000000080300000|100%| O|  |TAMS 0x0000000080300000, 0x0000000080200000| Untracked 
|   3|0x0000000080300000, 0x0000000080400000, 0x0000000080400000|100%|HS|  |TAMS 0x0000000080400000, 0x0000000080300000| Complete 
|   4|0x0000000080400000, 0x0000000080500000, 0x0000000080500000|100%|HC|  |TAMS 0x0000000080500000, 0x0000000080400000| Complete 
|   5|0x0000000080500000, 0x0000000080600000, 0x0000000080600000|100%|HC|  |TAMS 0x0000000080600000, 0x0000000080500000| Complete 
|   6|0x0000000080600000, 0x0000000080700000, 0x0000000080700000|100%| O|  |TAMS 0x0000000080700000, 0x0000000080600000| Untracked 
|   7|0x0000000080700000, 0x0000000080800000, 0x0000000080800000|100%| O|  |TAMS 0x0000000080800000, 0x0000000080700000| Untracked 
|   8|0x0000000080800000, 0x0000000080900000, 0x0000000080900000|100%| O|  |TAMS 0x0000000080900000, 0x0000000080800000| Untracked 
|   9|0x0000000080900000, 0x0000000080a00000, 0x0000000080a00000|100%| O|  |TAMS 0x0000000080a00000, 0x0000000080900000| Untracked 
|  10|0x0000000080a00000, 0x0000000080b00000, 0x0000000080b00000|100%| O|  |TAMS 0x0000000080b00000, 0x0000000080a00000| Untracked 
|  11|0x0000000080b00000, 0x0000000080c00000, 0x0000000080c00000|100%| O|  |TAMS 0x0000000080c00000, 0x0000000080b00000| Untracked 
|  12|0x0000000080c00000, 0x0000000080d00000, 0x0000000080d00000|100%| O|  |TAMS 0x0000000080d00000, 0x0000000080c00000| Untracked 
|  13|0x0000000080d00000, 0x0000000080e00000, 0x0000000080e00000|100%| O|  |TAMS 0x0000000080e00000, 0x0000000080d00000| Untracked 
|  14|0x0000000080e00000, 0x0000000080f00000, 0x0000000080f00000|100%| O|  |TAMS 0x0000000080f00000, 0x0000000080e00000| Untracked 
|  15|0x0000000080f00000, 0x0000000081000000, 0x0000000081000000|100%| O|  |TAMS 0x0000000080fa8400, 0x0000000080f00000| Untracked 
|  16|0x0000000081000000, 0x0000000081100000, 0x0000000081100000|100%|HS|  |TAMS 0x0000000081100000, 0x0000000081000000| Complete 
|  17|0x0000000081100000, 0x0000000081200000, 0x0000000081200000|100%|HC|  |TAMS 0x0000000081200000, 0x0000000081100000| Complete 
|  18|0x0000000081200000, 0x0000000081300000, 0x0000000081300000|100%|HS|  |TAMS 0x0000000081300000, 0x0000000081200000| Complete 
|  19|0x0000000081300000, 0x0000000081400000, 0x0000000081400000|100%|HC|  |TAMS 0x0000000081400000, 0x0000000081300000| Complete 
|  20|0x0000000081400000, 0x0000000081500000, 0x0000000081500000|100%|HC|  |TAMS 0x0000000081500000, 0x0000000081400000| Complete 
|  21|0x0000000081500000, 0x0000000081600000, 0x0000000081600000|100%|HS|  |TAMS 0x0000000081600000, 0x0000000081500000| Complete 
|  22|0x0000000081600000, 0x0000000081700000, 0x0000000081700000|100%|HC|  |TAMS 0x0000000081700000, 0x0000000081600000| Complete 
|  23|0x0000000081700000, 0x0000000081800000, 0x0000000081800000|100%|HC|  |TAMS 0x0000000081800000, 0x0000000081700000| Complete 
|  24|0x0000000081800000, 0x0000000081900000, 0x0000000081900000|100%|HS|  |TAMS 0x0000000081900000, 0x0000000081800000| Complete 
|  25|0x0000000081900000, 0x0000000081a00000, 0x0000000081a00000|100%|HC|  |TAMS 0x0000000081a00000, 0x0000000081900000| Complete 
|  26|0x0000000081a00000, 0x0000000081b00000, 0x0000000081b00000|100%|HS|  |TAMS 0x0000000081b00000, 0x0000000081a00000| Complete 
|  27|0x0000000081b00000, 0x0000000081c00000, 0x0000000081c00000|100%|HC|  |TAMS 0x0000000081c00000, 0x0000000081b00000| Complete 
|  28|0x0000000081c00000, 0x0000000081d00000, 0x0000000081d00000|100%|HC|  |TAMS 0x0000000081d00000, 0x0000000081c00000| Complete 
|  29|0x0000000081d00000, 0x0000000081e00000, 0x0000000081e00000|100%|HC|  |TAMS 0x0000000081e00000, 0x0000000081d00000| Complete 
|  30|0x0000000081e00000, 0x0000000081f00000, 0x0000000081f00000|100%|HC|  |TAMS 0x0000000081f00000, 0x0000000081e00000| Complete 
|  31|0x0000000081f00000, 0x0000000082000000, 0x0000000082000000|100%|HC|  |TAMS 0x0000000082000000, 0x0000000081f00000| Complete 
|  32|0x0000000082000000, 0x0000000082100000, 0x0000000082100000|100%|HC|  |TAMS 0x0000000082100000, 0x0000000082000000| Complete 
|  33|0x0000000082100000, 0x0000000082200000, 0x0000000082200000|100%|HC|  |TAMS 0x0000000082200000, 0x0000000082100000| Complete 
|  34|0x0000000082200000, 0x0000000082300000, 0x0000000082300000|100%|HC|  |TAMS 0x0000000082300000, 0x0000000082200000| Complete 
|  35|0x0000000082300000, 0x0000000082400000, 0x0000000082400000|100%|HC|  |TAMS 0x0000000082400000, 0x0000000082300000| Complete 
|  36|0x0000000082400000, 0x0000000082500000, 0x0000000082500000|100%|HS|  |TAMS 0x0000000082500000, 0x0000000082400000| Complete 
|  37|0x0000000082500000, 0x0000000082600000, 0x0000000082600000|100%|HC|  |TAMS 0x0000000082600000, 0x0000000082500000| Complete 
|  38|0x0000000082600000, 0x0000000082700000, 0x0000000082700000|100%|HS|  |TAMS 0x0000000082700000, 0x0000000082600000| Complete 
|  39|0x0000000082700000, 0x0000000082800000, 0x0000000082800000|100%|HC|  |TAMS 0x0000000082800000, 0x0000000082700000| Complete 
|  40|0x0000000082800000, 0x0000000082900000, 0x0000000082900000|100%|HC|  |TAMS 0x0000000082900000, 0x0000000082800000| Complete 
|  41|0x0000000082900000, 0x0000000082a00000, 0x0000000082a00000|100%|HC|  |TAMS 0x0000000082a00000, 0x0000000082900000| Complete 
|  42|0x0000000082a00000, 0x0000000082b00000, 0x0000000082b00000|100%|HC|  |TAMS 0x0000000082b00000, 0x0000000082a00000| Complete 
|  43|0x0000000082b00000, 0x0000000082c00000, 0x0000000082c00000|100%| O|  |TAMS 0x0000000082b00000, 0x0000000082b00000| Untracked 
|  44|0x0000000082c00000, 0x0000000082d00000, 0x0000000082d00000|100%| O|  |TAMS 0x0000000082c00000, 0x0000000082c00000| Untracked 
|  45|0x0000000082d00000, 0x0000000082e00000, 0x0000000082e00000|100%| O|  |TAMS 0x0000000082d00000, 0x0000000082d00000| Untracked 
|  46|0x0000000082e00000, 0x0000000082f00000, 0x0000000082f00000|100%| O|  |TAMS 0x0000000082e00000, 0x0000000082e00000| Untracked 
|  47|0x0000000082f00000, 0x0000000082f0f000, 0x0000000083000000|  5%| O|  |TAMS 0x0000000082f00000, 0x0000000082f00000| Untracked 
|  48|0x0000000083000000, 0x0000000083100000, 0x0000000083100000|100%|HS|  |TAMS 0x0000000083000000, 0x0000000083000000| Complete 
|  49|0x0000000083100000, 0x0000000083200000, 0x0000000083200000|100%|HC|  |TAMS 0x0000000083100000, 0x0000000083100000| Complete 
|  50|0x0000000083200000, 0x0000000083300000, 0x0000000083300000|100%|HC|  |TAMS 0x0000000083200000, 0x0000000083200000| Complete 
|  51|0x0000000083300000, 0x0000000083400000, 0x0000000083400000|100%|HC|  |TAMS 0x0000000083300000, 0x0000000083300000| Complete 
|  52|0x0000000083400000, 0x0000000083500000, 0x0000000083500000|100%|HC|  |TAMS 0x0000000083400000, 0x0000000083400000| Complete 
|  53|0x0000000083500000, 0x0000000083600000, 0x0000000083600000|100%| O|  |TAMS 0x0000000083500000, 0x0000000083500000| Untracked 
|  54|0x0000000083600000, 0x0000000083700000, 0x0000000083700000|100%| O|  |TAMS 0x0000000083600000, 0x0000000083600000| Untracked 
|  55|0x0000000083700000, 0x0000000083800000, 0x0000000083800000|100%| O|  |TAMS 0x0000000083700000, 0x0000000083700000| Untracked 
|  56|0x0000000083800000, 0x0000000083900000, 0x0000000083900000|100%| O|  |TAMS 0x0000000083800000, 0x0000000083800000| Untracked 
|  57|0x0000000083900000, 0x0000000083a00000, 0x0000000083a00000|100%| O|  |TAMS 0x0000000083900000, 0x0000000083900000| Untracked 
|  58|0x0000000083a00000, 0x0000000083b00000, 0x0000000083b00000|100%| O|  |TAMS 0x0000000083a00000, 0x0000000083a00000| Untracked 
|  59|0x0000000083b00000, 0x0000000083c00000, 0x0000000083c00000|100%| O|  |TAMS 0x0000000083b00000, 0x0000000083b00000| Untracked 
|  60|0x0000000083c00000, 0x0000000083d00000, 0x0000000083d00000|100%| O|  |TAMS 0x0000000083c00000, 0x0000000083c00000| Untracked 
|  61|0x0000000083d00000, 0x0000000083e00000, 0x0000000083e00000|100%| O|  |TAMS 0x0000000083d00000, 0x0000000083d00000| Untracked 
|  62|0x0000000083e00000, 0x0000000083f00000, 0x0000000083f00000|100%| O|  |TAMS 0x0000000083e00000, 0x0000000083e00000| Untracked 
|  63|0x0000000083f00000, 0x0000000084000000, 0x0000000084000000|100%| O|  |TAMS 0x0000000083f00000, 0x0000000083f00000| Untracked 
|  64|0x0000000084000000, 0x0000000084100000, 0x0000000084100000|100%| O|  |TAMS 0x0000000084000000, 0x0000000084000000| Untracked 
|  65|0x0000000084100000, 0x0000000084200000, 0x0000000084200000|100%| O|  |TAMS 0x0000000084100000, 0x0000000084100000| Untracked 
|  66|0x0000000084200000, 0x0000000084300000, 0x0000000084300000|100%| O|  |TAMS 0x0000000084200000, 0x0000000084200000| Untracked 
|  67|0x0000000084300000, 0x0000000084400000, 0x0000000084400000|100%| O|  |TAMS 0x0000000084300000, 0x0000000084300000| Untracked 
|  68|0x0000000084400000, 0x0000000084500000, 0x0000000084500000|100%| O|  |TAMS 0x0000000084400000, 0x0000000084400000| Untracked 
|  69|0x0000000084500000, 0x0000000084600000, 0x0000000084600000|100%| O|  |TAMS 0x0000000084500000, 0x0000000084500000| Untracked 
|  70|0x0000000084600000, 0x0000000084700000, 0x0000000084700000|100%| O|  |TAMS 0x0000000084600000, 0x0000000084600000| Untracked 
|  71|0x0000000084700000, 0x0000000084800000, 0x0000000084800000|100%| O|  |TAMS 0x0000000084700000, 0x0000000084700000| Untracked 
|  72|0x0000000084800000, 0x0000000084900000, 0x0000000084900000|100%| O|  |TAMS 0x0000000084800000, 0x0000000084800000| Untracked 
|  73|0x0000000084900000, 0x0000000084a00000, 0x0000000084a00000|100%| O|  |TAMS 0x0000000084900000, 0x0000000084900000| Untracked 
|  74|0x0000000084a00000, 0x0000000084b00000, 0x0000000084b00000|100%| O|  |TAMS 0x0000000084a00000, 0x0000000084a00000| Untracked 
|  75|0x0000000084b00000, 0x0000000084b00000, 0x0000000084c00000|  0%| F|  |TAMS 0x0000000084b00000, 0x0000000084b00000| Untracked 
|  76|0x0000000084c00000, 0x0000000084c00000, 0x0000000084d00000|  0%| F|  |TAMS 0x0000000084c00000, 0x0000000084c00000| Untracked 
|  77|0x0000000084d00000, 0x0000000084d00000, 0x0000000084e00000|  0%| F|  |TAMS 0x0000000084d00000, 0x0000000084d00000| Untracked 
|  78|0x0000000084e00000, 0x0000000084e00000, 0x0000000084f00000|  0%| F|  |TAMS 0x0000000084e00000, 0x0000000084e00000| Untracked 
|  79|0x0000000084f00000, 0x0000000084f00000, 0x0000000085000000|  0%| F|  |TAMS 0x0000000084f00000, 0x0000000084f00000| Untracked 
|  80|0x0000000085000000, 0x0000000085000000, 0x0000000085100000|  0%| F|  |TAMS 0x0000000085000000, 0x0000000085000000| Untracked 
|  81|0x0000000085100000, 0x0000000085100000, 0x0000000085200000|  0%| F|  |TAMS 0x0000000085100000, 0x0000000085100000| Untracked 
|  82|0x0000000085200000, 0x0000000085200000, 0x0000000085300000|  0%| F|  |TAMS 0x0000000085200000, 0x0000000085200000| Untracked 
|  83|0x0000000085300000, 0x0000000085300000, 0x0000000085400000|  0%| F|  |TAMS 0x0000000085300000, 0x0000000085300000| Untracked 
|  84|0x0000000085400000, 0x0000000085400000, 0x0000000085500000|  0%| F|  |TAMS 0x0000000085400000, 0x0000000085400000| Untracked 
|  85|0x0000000085500000, 0x0000000085500000, 0x0000000085600000|  0%| F|  |TAMS 0x0000000085500000, 0x0000000085500000| Untracked 
|  86|0x0000000085600000, 0x0000000085600000, 0x0000000085700000|  0%| F|  |TAMS 0x0000000085600000, 0x0000000085600000| Untracked 
|  87|0x0000000085700000, 0x0000000085700000, 0x0000000085800000|  0%| F|  |TAMS 0x0000000085700000, 0x0000000085700000| Untracked 
|  88|0x0000000085800000, 0x0000000085800000, 0x0000000085900000|  0%| F|  |TAMS 0x0000000085800000, 0x0000000085800000| Untracked 
|  89|0x0000000085900000, 0x0000000085900000, 0x0000000085a00000|  0%| F|  |TAMS 0x0000000085900000, 0x0000000085900000| Untracked 
|  90|0x0000000085a00000, 0x0000000085a00000, 0x0000000085b00000|  0%| F|  |TAMS 0x0000000085a00000, 0x0000000085a00000| Untracked 
|  91|0x0000000085b00000, 0x0000000085b00000, 0x0000000085c00000|  0%| F|  |TAMS 0x0000000085b00000, 0x0000000085b00000| Untracked 
|  92|0x0000000085c00000, 0x0000000085c00000, 0x0000000085d00000|  0%| F|  |TAMS 0x0000000085c00000, 0x0000000085c00000| Untracked 
|  93|0x0000000085d00000, 0x0000000085d00000, 0x0000000085e00000|  0%| F|  |TAMS 0x0000000085d00000, 0x0000000085d00000| Untracked 
|  94|0x0000000085e00000, 0x0000000085e00000, 0x0000000085f00000|  0%| F|  |TAMS 0x0000000085e00000, 0x0000000085e00000| Untracked 
|  95|0x0000000085f00000, 0x0000000085f00000, 0x0000000086000000|  0%| F|  |TAMS 0x0000000085f00000, 0x0000000085f00000| Untracked 
|  96|0x0000000086000000, 0x0000000086000000, 0x0000000086100000|  0%| F|  |TAMS 0x0000000086000000, 0x0000000086000000| Untracked 
|  97|0x0000000086100000, 0x0000000086100000, 0x0000000086200000|  0%| F|  |TAMS 0x0000000086100000, 0x0000000086100000| Untracked 
|  98|0x0000000086200000, 0x0000000086200000, 0x0000000086300000|  0%| F|  |TAMS 0x0000000086200000, 0x0000000086200000| Untracked 
|  99|0x0000000086300000, 0x0000000086300000, 0x0000000086400000|  0%| F|  |TAMS 0x0000000086300000, 0x0000000086300000| Untracked 
| 100|0x0000000086400000, 0x0000000086400000, 0x0000000086500000|  0%| F|  |TAMS 0x0000000086400000, 0x0000000086400000| Untracked 
| 101|0x0000000086500000, 0x0000000086500000, 0x0000000086600000|  0%| F|  |TAMS 0x0000000086500000, 0x0000000086500000| Untracked 
| 102|0x0000000086600000, 0x0000000086600000, 0x0000000086700000|  0%| F|  |TAMS 0x0000000086600000, 0x0000000086600000| Untracked 
| 103|0x0000000086700000, 0x0000000086700000, 0x0000000086800000|  0%| F|  |TAMS 0x0000000086700000, 0x0000000086700000| Untracked 
| 104|0x0000000086800000, 0x0000000086800000, 0x0000000086900000|  0%| F|  |TAMS 0x0000000086800000, 0x0000000086800000| Untracked 
| 105|0x0000000086900000, 0x00000000869e4390, 0x0000000086a00000| 89%| S|CS|TAMS 0x0000000086900000, 0x0000000086900000| Complete 
| 106|0x0000000086a00000, 0x0000000086b00000, 0x0000000086b00000|100%| S|CS|TAMS 0x0000000086a00000, 0x0000000086a00000| Complete 
| 107|0x0000000086b00000, 0x0000000086c00000, 0x0000000086c00000|100%| S|CS|TAMS 0x0000000086b00000, 0x0000000086b00000| Complete 
| 108|0x0000000086c00000, 0x0000000086d00000, 0x0000000086d00000|100%| S|CS|TAMS 0x0000000086c00000, 0x0000000086c00000| Complete 
| 109|0x0000000086d00000, 0x0000000086d00000, 0x0000000086e00000|  0%| F|  |TAMS 0x0000000086d00000, 0x0000000086d00000| Untracked 
| 110|0x0000000086e00000, 0x0000000086e00000, 0x0000000086f00000|  0%| F|  |TAMS 0x0000000086e00000, 0x0000000086e00000| Untracked 
| 111|0x0000000086f00000, 0x0000000086f00000, 0x0000000087000000|  0%| F|  |TAMS 0x0000000086f00000, 0x0000000086f00000| Untracked 
| 112|0x0000000087000000, 0x0000000087000000, 0x0000000087100000|  0%| F|  |TAMS 0x0000000087000000, 0x0000000087000000| Untracked 
| 113|0x0000000087100000, 0x0000000087100000, 0x0000000087200000|  0%| F|  |TAMS 0x0000000087100000, 0x0000000087100000| Untracked 
| 114|0x0000000087200000, 0x0000000087200000, 0x0000000087300000|  0%| F|  |TAMS 0x0000000087200000, 0x0000000087200000| Untracked 
| 115|0x0000000087300000, 0x0000000087300000, 0x0000000087400000|  0%| F|  |TAMS 0x0000000087300000, 0x0000000087300000| Untracked 
| 116|0x0000000087400000, 0x0000000087500000, 0x0000000087500000|100%| S|CS|TAMS 0x0000000087400000, 0x0000000087400000| Complete 
| 117|0x0000000087500000, 0x0000000087600000, 0x0000000087600000|100%| S|CS|TAMS 0x0000000087500000, 0x0000000087500000| Complete 
| 118|0x0000000087600000, 0x0000000087700000, 0x0000000087700000|100%| S|CS|TAMS 0x0000000087600000, 0x0000000087600000| Complete 
| 119|0x0000000087700000, 0x0000000087800000, 0x0000000087800000|100%| S|CS|TAMS 0x0000000087700000, 0x0000000087700000| Complete 
| 120|0x0000000087800000, 0x0000000087900000, 0x0000000087900000|100%| S|CS|TAMS 0x0000000087800000, 0x0000000087800000| Complete 
| 121|0x0000000087900000, 0x0000000087900000, 0x0000000087a00000|  0%| F|  |TAMS 0x0000000087900000, 0x0000000087900000| Untracked 
| 122|0x0000000087a00000, 0x0000000087a00000, 0x0000000087b00000|  0%| F|  |TAMS 0x0000000087a00000, 0x0000000087a00000| Untracked 
| 123|0x0000000087b00000, 0x0000000087b00000, 0x0000000087c00000|  0%| F|  |TAMS 0x0000000087b00000, 0x0000000087b00000| Untracked 
| 124|0x0000000087c00000, 0x0000000087c00000, 0x0000000087d00000|  0%| F|  |TAMS 0x0000000087c00000, 0x0000000087c00000| Untracked 
| 125|0x0000000087d00000, 0x0000000087e00000, 0x0000000087e00000|100%| S|CS|TAMS 0x0000000087d00000, 0x0000000087d00000| Complete 
| 126|0x0000000087e00000, 0x0000000087f00000, 0x0000000087f00000|100%| S|CS|TAMS 0x0000000087e00000, 0x0000000087e00000| Complete 
| 127|0x0000000087f00000, 0x0000000088000000, 0x0000000088000000|100%| S|CS|TAMS 0x0000000087f00000, 0x0000000087f00000| Complete 
| 128|0x0000000088000000, 0x0000000088100000, 0x0000000088100000|100%| S|CS|TAMS 0x0000000088000000, 0x0000000088000000| Complete 
| 129|0x0000000088100000, 0x0000000088100000, 0x0000000088200000|  0%| F|  |TAMS 0x0000000088100000, 0x0000000088100000| Untracked 
| 130|0x0000000088200000, 0x0000000088200000, 0x0000000088300000|  0%| F|  |TAMS 0x0000000088200000, 0x0000000088200000| Untracked 
| 131|0x0000000088300000, 0x0000000088300000, 0x0000000088400000|  0%| F|  |TAMS 0x0000000088300000, 0x0000000088300000| Untracked 
| 132|0x0000000088400000, 0x0000000088400000, 0x0000000088500000|  0%| F|  |TAMS 0x0000000088400000, 0x0000000088400000| Untracked 
| 133|0x0000000088500000, 0x0000000088500000, 0x0000000088600000|  0%| F|  |TAMS 0x0000000088500000, 0x0000000088500000| Untracked 
| 134|0x0000000088600000, 0x0000000088600000, 0x0000000088700000|  0%| F|  |TAMS 0x0000000088600000, 0x0000000088600000| Untracked 
| 135|0x0000000088700000, 0x0000000088700000, 0x0000000088800000|  0%| F|  |TAMS 0x0000000088700000, 0x0000000088700000| Untracked 
| 136|0x0000000088800000, 0x0000000088800000, 0x0000000088900000|  0%| F|  |TAMS 0x0000000088800000, 0x0000000088800000| Untracked 
| 137|0x0000000088900000, 0x0000000088900000, 0x0000000088a00000|  0%| F|  |TAMS 0x0000000088900000, 0x0000000088900000| Untracked 
| 138|0x0000000088a00000, 0x0000000088a00000, 0x0000000088b00000|  0%| F|  |TAMS 0x0000000088a00000, 0x0000000088a00000| Untracked 
| 139|0x0000000088b00000, 0x0000000088b00000, 0x0000000088c00000|  0%| F|  |TAMS 0x0000000088b00000, 0x0000000088b00000| Untracked 
| 140|0x0000000088c00000, 0x0000000088c00000, 0x0000000088d00000|  0%| F|  |TAMS 0x0000000088c00000, 0x0000000088c00000| Untracked 
| 141|0x0000000088d00000, 0x0000000088d00000, 0x0000000088e00000|  0%| F|  |TAMS 0x0000000088d00000, 0x0000000088d00000| Untracked 
| 142|0x0000000088e00000, 0x0000000088e00000, 0x0000000088f00000|  0%| F|  |TAMS 0x0000000088e00000, 0x0000000088e00000| Untracked 
| 143|0x0000000088f00000, 0x0000000088f00000, 0x0000000089000000|  0%| F|  |TAMS 0x0000000088f00000, 0x0000000088f00000| Untracked 
| 144|0x0000000089000000, 0x0000000089000000, 0x0000000089100000|  0%| F|  |TAMS 0x0000000089000000, 0x0000000089000000| Untracked 
| 145|0x0000000089100000, 0x0000000089100000, 0x0000000089200000|  0%| F|  |TAMS 0x0000000089100000, 0x0000000089100000| Untracked 
| 146|0x0000000089200000, 0x0000000089200000, 0x0000000089300000|  0%| F|  |TAMS 0x0000000089200000, 0x0000000089200000| Untracked 
| 147|0x0000000089300000, 0x0000000089300000, 0x0000000089400000|  0%| F|  |TAMS 0x0000000089300000, 0x0000000089300000| Untracked 
| 148|0x0000000089400000, 0x0000000089400000, 0x0000000089500000|  0%| F|  |TAMS 0x0000000089400000, 0x0000000089400000| Untracked 
| 149|0x0000000089500000, 0x0000000089500000, 0x0000000089600000|  0%| F|  |TAMS 0x0000000089500000, 0x0000000089500000| Untracked 
| 150|0x0000000089600000, 0x0000000089600000, 0x0000000089700000|  0%| F|  |TAMS 0x0000000089600000, 0x0000000089600000| Untracked 
| 151|0x0000000089700000, 0x0000000089700000, 0x0000000089800000|  0%| F|  |TAMS 0x0000000089700000, 0x0000000089700000| Untracked 
| 152|0x0000000089800000, 0x0000000089800000, 0x0000000089900000|  0%| F|  |TAMS 0x0000000089800000, 0x0000000089800000| Untracked 
| 153|0x0000000089900000, 0x0000000089900000, 0x0000000089a00000|  0%| F|  |TAMS 0x0000000089900000, 0x0000000089900000| Untracked 
| 154|0x0000000089a00000, 0x0000000089a00000, 0x0000000089b00000|  0%| F|  |TAMS 0x0000000089a00000, 0x0000000089a00000| Untracked 
| 155|0x0000000089b00000, 0x0000000089b00000, 0x0000000089c00000|  0%| F|  |TAMS 0x0000000089b00000, 0x0000000089b00000| Untracked 
| 156|0x0000000089c00000, 0x0000000089c00000, 0x0000000089d00000|  0%| F|  |TAMS 0x0000000089c00000, 0x0000000089c00000| Untracked 
| 157|0x0000000089d00000, 0x0000000089d00000, 0x0000000089e00000|  0%| F|  |TAMS 0x0000000089d00000, 0x0000000089d00000| Untracked 
| 158|0x0000000089e00000, 0x0000000089e00000, 0x0000000089f00000|  0%| F|  |TAMS 0x0000000089e00000, 0x0000000089e00000| Untracked 
| 159|0x0000000089f00000, 0x0000000089f00000, 0x000000008a000000|  0%| F|  |TAMS 0x0000000089f00000, 0x0000000089f00000| Untracked 
| 160|0x000000008a000000, 0x000000008a000000, 0x000000008a100000|  0%| F|  |TAMS 0x000000008a000000, 0x000000008a000000| Untracked 
| 161|0x000000008a100000, 0x000000008a100000, 0x000000008a200000|  0%| F|  |TAMS 0x000000008a100000, 0x000000008a100000| Untracked 
| 162|0x000000008a200000, 0x000000008a200000, 0x000000008a300000|  0%| F|  |TAMS 0x000000008a200000, 0x000000008a200000| Untracked 
| 163|0x000000008a300000, 0x000000008a300000, 0x000000008a400000|  0%| F|  |TAMS 0x000000008a300000, 0x000000008a300000| Untracked 
| 164|0x000000008a400000, 0x000000008a400000, 0x000000008a500000|  0%| F|  |TAMS 0x000000008a400000, 0x000000008a400000| Untracked 
| 165|0x000000008a500000, 0x000000008a500000, 0x000000008a600000|  0%| F|  |TAMS 0x000000008a500000, 0x000000008a500000| Untracked 
| 166|0x000000008a600000, 0x000000008a600000, 0x000000008a700000|  0%| F|  |TAMS 0x000000008a600000, 0x000000008a600000| Untracked 
| 167|0x000000008a700000, 0x000000008a700000, 0x000000008a800000|  0%| F|  |TAMS 0x000000008a700000, 0x000000008a700000| Untracked 
| 168|0x000000008a800000, 0x000000008a800000, 0x000000008a900000|  0%| F|  |TAMS 0x000000008a800000, 0x000000008a800000| Untracked 
| 169|0x000000008a900000, 0x000000008a900000, 0x000000008aa00000|  0%| F|  |TAMS 0x000000008a900000, 0x000000008a900000| Untracked 
| 170|0x000000008aa00000, 0x000000008aa00000, 0x000000008ab00000|  0%| F|  |TAMS 0x000000008aa00000, 0x000000008aa00000| Untracked 
| 171|0x000000008ab00000, 0x000000008ab00000, 0x000000008ac00000|  0%| F|  |TAMS 0x000000008ab00000, 0x000000008ab00000| Untracked 
| 172|0x000000008ac00000, 0x000000008ac00000, 0x000000008ad00000|  0%| F|  |TAMS 0x000000008ac00000, 0x000000008ac00000| Untracked 
| 173|0x000000008ad00000, 0x000000008ad00000, 0x000000008ae00000|  0%| F|  |TAMS 0x000000008ad00000, 0x000000008ad00000| Untracked 
| 174|0x000000008ae00000, 0x000000008ae00000, 0x000000008af00000|  0%| F|  |TAMS 0x000000008ae00000, 0x000000008ae00000| Untracked 
| 175|0x000000008af00000, 0x000000008af00000, 0x000000008b000000|  0%| F|  |TAMS 0x000000008af00000, 0x000000008af00000| Untracked 
| 176|0x000000008b000000, 0x000000008b000000, 0x000000008b100000|  0%| F|  |TAMS 0x000000008b000000, 0x000000008b000000| Untracked 
| 177|0x000000008b100000, 0x000000008b100000, 0x000000008b200000|  0%| F|  |TAMS 0x000000008b100000, 0x000000008b100000| Untracked 
| 178|0x000000008b200000, 0x000000008b200000, 0x000000008b300000|  0%| F|  |TAMS 0x000000008b200000, 0x000000008b200000| Untracked 
| 179|0x000000008b300000, 0x000000008b300000, 0x000000008b400000|  0%| F|  |TAMS 0x000000008b300000, 0x000000008b300000| Untracked 
| 180|0x000000008b400000, 0x000000008b400000, 0x000000008b500000|  0%| F|  |TAMS 0x000000008b400000, 0x000000008b400000| Untracked 
| 181|0x000000008b500000, 0x000000008b500000, 0x000000008b600000|  0%| F|  |TAMS 0x000000008b500000, 0x000000008b500000| Untracked 
| 182|0x000000008b600000, 0x000000008b600000, 0x000000008b700000|  0%| F|  |TAMS 0x000000008b600000, 0x000000008b600000| Untracked 
| 183|0x000000008b700000, 0x000000008b700000, 0x000000008b800000|  0%| F|  |TAMS 0x000000008b700000, 0x000000008b700000| Untracked 
| 184|0x000000008b800000, 0x000000008b800000, 0x000000008b900000|  0%| F|  |TAMS 0x000000008b800000, 0x000000008b800000| Untracked 
| 185|0x000000008b900000, 0x000000008b900000, 0x000000008ba00000|  0%| F|  |TAMS 0x000000008b900000, 0x000000008b900000| Untracked 
| 186|0x000000008ba00000, 0x000000008ba00000, 0x000000008bb00000|  0%| F|  |TAMS 0x000000008ba00000, 0x000000008ba00000| Untracked 
| 187|0x000000008bb00000, 0x000000008bb00000, 0x000000008bc00000|  0%| F|  |TAMS 0x000000008bb00000, 0x000000008bb00000| Untracked 
| 188|0x000000008bc00000, 0x000000008bc00000, 0x000000008bd00000|  0%| F|  |TAMS 0x000000008bc00000, 0x000000008bc00000| Untracked 
| 189|0x000000008bd00000, 0x000000008bd00000, 0x000000008be00000|  0%| F|  |TAMS 0x000000008bd00000, 0x000000008bd00000| Untracked 
| 190|0x000000008be00000, 0x000000008be00000, 0x000000008bf00000|  0%| F|  |TAMS 0x000000008be00000, 0x000000008be00000| Untracked 
| 191|0x000000008bf00000, 0x000000008bf00000, 0x000000008c000000|  0%| F|  |TAMS 0x000000008bf00000, 0x000000008bf00000| Untracked 
| 192|0x000000008c000000, 0x000000008c000000, 0x000000008c100000|  0%| F|  |TAMS 0x000000008c000000, 0x000000008c000000| Untracked 
| 193|0x000000008c100000, 0x000000008c100000, 0x000000008c200000|  0%| F|  |TAMS 0x000000008c100000, 0x000000008c100000| Untracked 
| 194|0x000000008c200000, 0x000000008c200000, 0x000000008c300000|  0%| F|  |TAMS 0x000000008c200000, 0x000000008c200000| Untracked 
| 195|0x000000008c300000, 0x000000008c300000, 0x000000008c400000|  0%| F|  |TAMS 0x000000008c300000, 0x000000008c300000| Untracked 
| 196|0x000000008c400000, 0x000000008c400000, 0x000000008c500000|  0%| F|  |TAMS 0x000000008c400000, 0x000000008c400000| Untracked 
| 197|0x000000008c500000, 0x000000008c500000, 0x000000008c600000|  0%| F|  |TAMS 0x000000008c500000, 0x000000008c500000| Untracked 
| 198|0x000000008c600000, 0x000000008c600000, 0x000000008c700000|  0%| F|  |TAMS 0x000000008c600000, 0x000000008c600000| Untracked 
| 199|0x000000008c700000, 0x000000008c700000, 0x000000008c800000|  0%| F|  |TAMS 0x000000008c700000, 0x000000008c700000| Untracked 
| 200|0x000000008c800000, 0x000000008c800000, 0x000000008c900000|  0%| F|  |TAMS 0x000000008c800000, 0x000000008c800000| Untracked 
| 201|0x000000008c900000, 0x000000008c900000, 0x000000008ca00000|  0%| F|  |TAMS 0x000000008c900000, 0x000000008c900000| Untracked 
| 202|0x000000008ca00000, 0x000000008ca00000, 0x000000008cb00000|  0%| F|  |TAMS 0x000000008ca00000, 0x000000008ca00000| Untracked 
| 203|0x000000008cb00000, 0x000000008cb00000, 0x000000008cc00000|  0%| F|  |TAMS 0x000000008cb00000, 0x000000008cb00000| Untracked 
| 204|0x000000008cc00000, 0x000000008cc00000, 0x000000008cd00000|  0%| F|  |TAMS 0x000000008cc00000, 0x000000008cc00000| Untracked 
| 205|0x000000008cd00000, 0x000000008cd00000, 0x000000008ce00000|  0%| F|  |TAMS 0x000000008cd00000, 0x000000008cd00000| Untracked 
| 206|0x000000008ce00000, 0x000000008ce00000, 0x000000008cf00000|  0%| F|  |TAMS 0x000000008ce00000, 0x000000008ce00000| Untracked 
| 207|0x000000008cf00000, 0x000000008cf00000, 0x000000008d000000|  0%| F|  |TAMS 0x000000008cf00000, 0x000000008cf00000| Untracked 
| 208|0x000000008d000000, 0x000000008d000000, 0x000000008d100000|  0%| F|  |TAMS 0x000000008d000000, 0x000000008d000000| Untracked 
| 209|0x000000008d100000, 0x000000008d100000, 0x000000008d200000|  0%| F|  |TAMS 0x000000008d100000, 0x000000008d100000| Untracked 
| 210|0x000000008d200000, 0x000000008d200000, 0x000000008d300000|  0%| F|  |TAMS 0x000000008d200000, 0x000000008d200000| Untracked 
| 211|0x000000008d300000, 0x000000008d300000, 0x000000008d400000|  0%| F|  |TAMS 0x000000008d300000, 0x000000008d300000| Untracked 
| 212|0x000000008d400000, 0x000000008d400000, 0x000000008d500000|  0%| F|  |TAMS 0x000000008d400000, 0x000000008d400000| Untracked 
| 213|0x000000008d500000, 0x000000008d500000, 0x000000008d600000|  0%| F|  |TAMS 0x000000008d500000, 0x000000008d500000| Untracked 
| 214|0x000000008d600000, 0x000000008d600000, 0x000000008d700000|  0%| F|  |TAMS 0x000000008d600000, 0x000000008d600000| Untracked 
| 215|0x000000008d700000, 0x000000008d700000, 0x000000008d800000|  0%| F|  |TAMS 0x000000008d700000, 0x000000008d700000| Untracked 
| 216|0x000000008d800000, 0x000000008d800000, 0x000000008d900000|  0%| F|  |TAMS 0x000000008d800000, 0x000000008d800000| Untracked 
| 217|0x000000008d900000, 0x000000008d900000, 0x000000008da00000|  0%| F|  |TAMS 0x000000008d900000, 0x000000008d900000| Untracked 
| 218|0x000000008da00000, 0x000000008da00000, 0x000000008db00000|  0%| F|  |TAMS 0x000000008da00000, 0x000000008da00000| Untracked 
| 219|0x000000008db00000, 0x000000008db00000, 0x000000008dc00000|  0%| F|  |TAMS 0x000000008db00000, 0x000000008db00000| Untracked 
| 220|0x000000008dc00000, 0x000000008dc00000, 0x000000008dd00000|  0%| F|  |TAMS 0x000000008dc00000, 0x000000008dc00000| Untracked 
| 221|0x000000008dd00000, 0x000000008dd00000, 0x000000008de00000|  0%| F|  |TAMS 0x000000008dd00000, 0x000000008dd00000| Untracked 
| 222|0x000000008de00000, 0x000000008de00000, 0x000000008df00000|  0%| F|  |TAMS 0x000000008de00000, 0x000000008de00000| Untracked 
| 223|0x000000008df00000, 0x000000008df00000, 0x000000008e000000|  0%| F|  |TAMS 0x000000008df00000, 0x000000008df00000| Untracked 
| 224|0x000000008e000000, 0x000000008e000000, 0x000000008e100000|  0%| F|  |TAMS 0x000000008e000000, 0x000000008e000000| Untracked 
| 225|0x000000008e100000, 0x000000008e100000, 0x000000008e200000|  0%| F|  |TAMS 0x000000008e100000, 0x000000008e100000| Untracked 
| 226|0x000000008e200000, 0x000000008e200000, 0x000000008e300000|  0%| F|  |TAMS 0x000000008e200000, 0x000000008e200000| Untracked 
| 227|0x000000008e300000, 0x000000008e300000, 0x000000008e400000|  0%| F|  |TAMS 0x000000008e300000, 0x000000008e300000| Untracked 
| 228|0x000000008e400000, 0x000000008e400000, 0x000000008e500000|  0%| F|  |TAMS 0x000000008e400000, 0x000000008e400000| Untracked 
| 229|0x000000008e500000, 0x000000008e500000, 0x000000008e600000|  0%| F|  |TAMS 0x000000008e500000, 0x000000008e500000| Untracked 
| 230|0x000000008e600000, 0x000000008e600000, 0x000000008e700000|  0%| F|  |TAMS 0x000000008e600000, 0x000000008e600000| Untracked 
| 231|0x000000008e700000, 0x000000008e700000, 0x000000008e800000|  0%| F|  |TAMS 0x000000008e700000, 0x000000008e700000| Untracked 
| 232|0x000000008e800000, 0x000000008e800000, 0x000000008e900000|  0%| F|  |TAMS 0x000000008e800000, 0x000000008e800000| Untracked 
| 233|0x000000008e900000, 0x000000008e900000, 0x000000008ea00000|  0%| F|  |TAMS 0x000000008e900000, 0x000000008e900000| Untracked 
| 234|0x000000008ea00000, 0x000000008ea00000, 0x000000008eb00000|  0%| F|  |TAMS 0x000000008ea00000, 0x000000008ea00000| Untracked 
| 235|0x000000008eb00000, 0x000000008eb00000, 0x000000008ec00000|  0%| F|  |TAMS 0x000000008eb00000, 0x000000008eb00000| Untracked 
| 236|0x000000008ec00000, 0x000000008ec00000, 0x000000008ed00000|  0%| F|  |TAMS 0x000000008ec00000, 0x000000008ec00000| Untracked 
| 237|0x000000008ed00000, 0x000000008ed00000, 0x000000008ee00000|  0%| F|  |TAMS 0x000000008ed00000, 0x000000008ed00000| Untracked 
| 238|0x000000008ee00000, 0x000000008ee00000, 0x000000008ef00000|  0%| F|  |TAMS 0x000000008ee00000, 0x000000008ee00000| Untracked 
| 239|0x000000008ef00000, 0x000000008ef00000, 0x000000008f000000|  0%| F|  |TAMS 0x000000008ef00000, 0x000000008ef00000| Untracked 
| 240|0x000000008f000000, 0x000000008f000000, 0x000000008f100000|  0%| F|  |TAMS 0x000000008f000000, 0x000000008f000000| Untracked 
| 241|0x000000008f100000, 0x000000008f100000, 0x000000008f200000|  0%| F|  |TAMS 0x000000008f100000, 0x000000008f100000| Untracked 
| 242|0x000000008f200000, 0x000000008f300000, 0x000000008f300000|100%| E|  |TAMS 0x000000008f200000, 0x000000008f200000| Complete 
| 243|0x000000008f300000, 0x000000008f400000, 0x000000008f400000|100%| E|CS|TAMS 0x000000008f300000, 0x000000008f300000| Complete 
| 244|0x000000008f400000, 0x000000008f500000, 0x000000008f500000|100%| E|CS|TAMS 0x000000008f400000, 0x000000008f400000| Complete 
| 245|0x000000008f500000, 0x000000008f600000, 0x000000008f600000|100%| E|CS|TAMS 0x000000008f500000, 0x000000008f500000| Complete 
| 246|0x000000008f600000, 0x000000008f700000, 0x000000008f700000|100%| E|CS|TAMS 0x000000008f600000, 0x000000008f600000| Complete 
| 247|0x000000008f700000, 0x000000008f800000, 0x000000008f800000|100%| E|CS|TAMS 0x000000008f700000, 0x000000008f700000| Complete 
| 248|0x000000008f800000, 0x000000008f900000, 0x000000008f900000|100%| E|CS|TAMS 0x000000008f800000, 0x000000008f800000| Complete 
| 249|0x000000008f900000, 0x000000008fa00000, 0x000000008fa00000|100%| E|CS|TAMS 0x000000008f900000, 0x000000008f900000| Complete 
| 250|0x000000008fa00000, 0x000000008fb00000, 0x000000008fb00000|100%| E|CS|TAMS 0x000000008fa00000, 0x000000008fa00000| Complete 
| 251|0x000000008fb00000, 0x000000008fc00000, 0x000000008fc00000|100%| E|CS|TAMS 0x000000008fb00000, 0x000000008fb00000| Complete 
| 252|0x000000008fc00000, 0x000000008fd00000, 0x000000008fd00000|100%| E|CS|TAMS 0x000000008fc00000, 0x000000008fc00000| Complete 
| 253|0x000000008fd00000, 0x000000008fe00000, 0x000000008fe00000|100%| E|CS|TAMS 0x000000008fd00000, 0x000000008fd00000| Complete 

Card table byte_map: [0x00000214eef00000,0x00000214ef300000] _byte_map_base: 0x00000214eeb00000

Marking Bits (Prev, Next): (CMBitMap*) 0x00000214dbac60d8, (CMBitMap*) 0x00000214dbac6110
 Prev Bits: [0x00000214ef700000, 0x00000214f1700000)
 Next Bits: [0x00000214f1700000, 0x00000214f3700000)

Polling page: 0x00000214d9a70000

Metaspace:

Usage:
  Non-class:     37.94 MB capacity,    37.34 MB ( 98%) used,   534.23 KB (  1%) free+waste,    87.50 KB ( <1%) overhead. 
      Class:      5.57 MB capacity,     5.26 MB ( 94%) used,   279.73 KB (  5%) free+waste,    41.62 KB ( <1%) overhead. 
       Both:     43.52 MB capacity,    42.60 MB ( 98%) used,   813.97 KB (  2%) free+waste,   129.12 KB ( <1%) overhead. 

Virtual space:
  Non-class space:       40.00 MB reserved,      38.17 MB ( 95%) committed 
      Class space:        1.00 GB reserved,       5.62 MB ( <1%) committed 
             Both:        1.04 GB reserved,      43.80 MB (  4%) committed 

Chunk freelists:
   Non-Class:  41.00 KB
       Class:  0 bytes
        Both:  41.00 KB

MaxMetaspaceSize: 17179869184.00 GB
CompressedClassSpaceSize: 1.00 GB
Initial GC threshold: 20.80 MB
Current GC threshold: 58.41 MB
CDS: off

CodeHeap 'non-profiled nmethods': size=120000Kb used=3699Kb max_used=3699Kb free=116300Kb
 bounds [0x00000214e7080000, 0x00000214e7420000, 0x00000214ee5b0000]
CodeHeap 'profiled nmethods': size=120000Kb used=9718Kb max_used=9718Kb free=110281Kb
 bounds [0x00000214dfb50000, 0x00000214e04d0000, 0x00000214e7080000]
CodeHeap 'non-nmethods': size=5760Kb used=2283Kb max_used=2373Kb free=3477Kb
 bounds [0x00000214df5b0000, 0x00000214df820000, 0x00000214dfb50000]
 total_blobs=5089 nmethods=4308 adapters=693
 compilation: enabled
              stopped_count=0, restarted_count=0
 full_count=0

Compilation events (20 events):
Event: 15.206 Thread 0x00000214f6c57000 nmethod 4307 0x00000214e73f9590 code [0x00000214e73f97a0, 0x00000214e73fa2a0]
Event: 15.210 Thread 0x00000214f6c57000 4308       4       org.objectweb.asm.MethodWriter::visitParameter (57 bytes)
Event: 15.214 Thread 0x00000214f6c57000 nmethod 4308 0x00000214e73fa910 code [0x00000214e73faae0, 0x00000214e73fb0e8]
Event: 15.214 Thread 0x00000214f6c57000 4309       4       org.objectweb.asm.MethodWriter::visitAnnotation (40 bytes)
Event: 15.224 Thread 0x00000214f9200800 nmethod 4304 0x00000214e73fb490 code [0x00000214e73fb960, 0x00000214e73fed70]
Event: 15.225 Thread 0x00000214f9200800 4310       4       org.objectweb.asm.ClassWriter::visitInnerClass (130 bytes)
Event: 15.226 Thread 0x00000214f6c57000 nmethod 4309 0x00000214e7401610 code [0x00000214e7401840, 0x00000214e7402b30]
Event: 15.235 Thread 0x00000214f9200800 nmethod 4310 0x00000214e7403110 code [0x00000214e7403340, 0x00000214e7403d60]
Event: 15.300 Thread 0x00000214f6c57000 4311       4       org.objectweb.asm.MethodWriter::visitAnnotableParameterCount (18 bytes)
Event: 15.300 Thread 0x00000214f6c57000 nmethod 4311 0x00000214e7404590 code [0x00000214e7404720, 0x00000214e7404798]
Event: 15.308 Thread 0x00000214f9200800 4312   !   4       org.apache.tools.zip.ZipEncodingHelper::getZipEncoding (69 bytes)
Event: 15.309 Thread 0x00000214f6c57000 4313       4       org.gradle.internal.classpath.ClasspathWalker$ZipClasspathEntry::<init> (10 bytes)
Event: 15.310 Thread 0x00000214f6c57000 nmethod 4313 0x00000214e7404890 code [0x00000214e7404a20, 0x00000214e7404b58]
Event: 15.310 Thread 0x00000214f6c57000 4314       4       org.objectweb.asm.ClassWriter::visitSource (39 bytes)
Event: 15.313 Thread 0x00000214f6c57000 nmethod 4314 0x00000214e7404c10 code [0x00000214e7404de0, 0x00000214e7405158]
Event: 15.313 Thread 0x00000214f6c57000 4315       4       com.google.common.io.ByteStreams::readFully (58 bytes)
Event: 15.316 Thread 0x00000214f6c57000 nmethod 4315 0x00000214e7405310 code [0x00000214e74054e0, 0x00000214e7405738]
Event: 15.317 Thread 0x00000214f6c57000 4316       4       org.gradle.internal.classpath.InstrumentingClasspathFileTransformer::lambda$visitEntries$1 (299 bytes)
Event: 15.320 Thread 0x00000214f9200800 nmethod 4312 0x00000214e7405990 code [0x00000214e7405b80, 0x00000214e74063d8]
Event: 15.320 Thread 0x00000214f9200800 4317       4       org.gradle.internal.classpath.ClasspathBuilder$ZipEntryBuilder::put (44 bytes)

GC Heap History (20 events):
Event: 13.271 GC heap after
{Heap after GC invocations=7 (full 0):
 garbage-first heap   total 260096K, used 66500K [0x0000000080000000, 0x0000000100000000)
  region size 1024K, 14 young (14336K), 14 survivors (14336K)
 Metaspace       used 43572K, capacity 44497K, committed 44592K, reserved 1087488K
  class space    used 5383K, capacity 5706K, committed 5760K, reserved 1048576K
}
Event: 13.485 GC heap before
{Heap before GC invocations=7 (full 0):
 garbage-first heap   total 260096K, used 176068K [0x0000000080000000, 0x0000000100000000)
  region size 1024K, 120 young (122880K), 14 survivors (14336K)
 Metaspace       used 43587K, capacity 44497K, committed 44592K, reserved 1087488K
  class space    used 5383K, capacity 5706K, committed 5760K, reserved 1048576K
}
Event: 13.493 GC heap after
{Heap after GC invocations=8 (full 0):
 garbage-first heap   total 260096K, used 70304K [0x0000000080000000, 0x0000000100000000)
  region size 1024K, 12 young (12288K), 12 survivors (12288K)
 Metaspace       used 43587K, capacity 44497K, committed 44592K, reserved 1087488K
  class space    used 5383K, capacity 5706K, committed 5760K, reserved 1048576K
}
Event: 13.681 GC heap before
{Heap before GC invocations=8 (full 0):
 garbage-first heap   total 260096K, used 182944K [0x0000000080000000, 0x0000000100000000)
  region size 1024K, 122 young (124928K), 12 survivors (12288K)
 Metaspace       used 43593K, capacity 44561K, committed 44848K, reserved 1089536K
  class space    used 5384K, capacity 5706K, committed 5760K, reserved 1048576K
}
Event: 13.686 GC heap after
{Heap after GC invocations=9 (full 0):
 garbage-first heap   total 260096K, used 71892K [0x0000000080000000, 0x0000000100000000)
  region size 1024K, 7 young (7168K), 7 survivors (7168K)
 Metaspace       used 43593K, capacity 44561K, committed 44848K, reserved 1089536K
  class space    used 5384K, capacity 5706K, committed 5760K, reserved 1048576K
}
Event: 13.905 GC heap before
{Heap before GC invocations=9 (full 0):
 garbage-first heap   total 260096K, used 192724K [0x0000000080000000, 0x0000000100000000)
  region size 1024K, 125 young (128000K), 7 survivors (7168K)
 Metaspace       used 43594K, capacity 44561K, committed 44848K, reserved 1089536K
  class space    used 5384K, capacity 5706K, committed 5760K, reserved 1048576K
}
Event: 13.908 GC heap after
{Heap after GC invocations=10 (full 0):
 garbage-first heap   total 260096K, used 72662K [0x0000000080000000, 0x0000000100000000)
  region size 1024K, 8 young (8192K), 8 survivors (8192K)
 Metaspace       used 43594K, capacity 44561K, committed 44848K, reserved 1089536K
  class space    used 5384K, capacity 5706K, committed 5760K, reserved 1048576K
}
Event: 14.127 GC heap before
{Heap before GC invocations=10 (full 0):
 garbage-first heap   total 260096K, used 197590K [0x0000000080000000, 0x0000000100000000)
  region size 1024K, 130 young (133120K), 8 survivors (8192K)
 Metaspace       used 43596K, capacity 44561K, committed 44848K, reserved 1089536K
  class space    used 5384K, capacity 5706K, committed 5760K, reserved 1048576K
}
Event: 14.130 GC heap after
{Heap after GC invocations=11 (full 0):
 garbage-first heap   total 260096K, used 74445K [0x0000000080000000, 0x0000000100000000)
  region size 1024K, 10 young (10240K), 10 survivors (10240K)
 Metaspace       used 43596K, capacity 44561K, committed 44848K, reserved 1089536K
  class space    used 5384K, capacity 5706K, committed 5760K, reserved 1048576K
}
Event: 14.412 GC heap before
{Heap before GC invocations=11 (full 0):
 garbage-first heap   total 260096K, used 205517K [0x0000000080000000, 0x0000000100000000)
  region size 1024K, 136 young (139264K), 10 survivors (10240K)
 Metaspace       used 43596K, capacity 44561K, committed 44848K, reserved 1089536K
  class space    used 5384K, capacity 5706K, committed 5760K, reserved 1048576K
}
Event: 14.420 GC heap after
{Heap after GC invocations=12 (full 0):
 garbage-first heap   total 260096K, used 77635K [0x0000000080000000, 0x0000000100000000)
  region size 1024K, 12 young (12288K), 12 survivors (12288K)
 Metaspace       used 43596K, capacity 44561K, committed 44848K, reserved 1089536K
  class space    used 5384K, capacity 5706K, committed 5760K, reserved 1048576K
}
Event: 14.597 GC heap before
{Heap before GC invocations=12 (full 0):
 garbage-first heap   total 260096K, used 205635K [0x0000000080000000, 0x0000000100000000)
  region size 1024K, 137 young (140288K), 12 survivors (12288K)
 Metaspace       used 43599K, capacity 44561K, committed 44848K, reserved 1089536K
  class space    used 5384K, capacity 5706K, committed 5760K, reserved 1048576K
}
Event: 14.605 GC heap after
{Heap after GC invocations=13 (full 0):
 garbage-first heap   total 260096K, used 83249K [0x0000000080000000, 0x0000000100000000)
  region size 1024K, 15 young (15360K), 15 survivors (15360K)
 Metaspace       used 43599K, capacity 44561K, committed 44848K, reserved 1089536K
  class space    used 5384K, capacity 5706K, committed 5760K, reserved 1048576K
}
Event: 14.754 GC heap before
{Heap before GC invocations=13 (full 0):
 garbage-first heap   total 260096K, used 209201K [0x0000000080000000, 0x0000000100000000)
  region size 1024K, 138 young (141312K), 15 survivors (15360K)
 Metaspace       used 43602K, capacity 44561K, committed 44848K, reserved 1089536K
  class space    used 5384K, capacity 5706K, committed 5760K, reserved 1048576K
}
Event: 14.762 GC heap after
{Heap after GC invocations=14 (full 0):
 garbage-first heap   total 260096K, used 85352K [0x0000000080000000, 0x0000000100000000)
  region size 1024K, 9 young (9216K), 9 survivors (9216K)
 Metaspace       used 43602K, capacity 44561K, committed 44848K, reserved 1089536K
  class space    used 5384K, capacity 5706K, committed 5760K, reserved 1048576K
}
Event: 14.894 GC heap before
{Heap before GC invocations=14 (full 0):
 garbage-first heap   total 260096K, used 211304K [0x0000000080000000, 0x0000000100000000)
  region size 1024K, 132 young (135168K), 9 survivors (9216K)
 Metaspace       used 43602K, capacity 44561K, committed 44848K, reserved 1089536K
  class space    used 5384K, capacity 5706K, committed 5760K, reserved 1048576K
}
Event: 14.897 GC heap after
{Heap after GC invocations=15 (full 0):
 garbage-first heap   total 260096K, used 85694K [0x0000000080000000, 0x0000000100000000)
  region size 1024K, 9 young (9216K), 9 survivors (9216K)
 Metaspace       used 43602K, capacity 44561K, committed 44848K, reserved 1089536K
  class space    used 5384K, capacity 5706K, committed 5760K, reserved 1048576K
}
Event: 15.068 GC heap before
{Heap before GC invocations=15 (full 0):
 garbage-first heap   total 260096K, used 215742K [0x0000000080000000, 0x0000000100000000)
  region size 1024K, 134 young (137216K), 9 survivors (9216K)
 Metaspace       used 43611K, capacity 44561K, committed 44848K, reserved 1089536K
  class space    used 5384K, capacity 5706K, committed 5760K, reserved 1048576K
}
Event: 15.072 GC heap after
{Heap after GC invocations=16 (full 0):
 garbage-first heap   total 260096K, used 85880K [0x0000000080000000, 0x0000000100000000)
  region size 1024K, 11 young (11264K), 11 survivors (11264K)
 Metaspace       used 43611K, capacity 44561K, committed 44848K, reserved 1089536K
  class space    used 5384K, capacity 5706K, committed 5760K, reserved 1048576K
}
Event: 15.374 GC heap before
{Heap before GC invocations=16 (full 0):
 garbage-first heap   total 260096K, used 213880K [0x0000000080000000, 0x0000000100000000)
  region size 1024K, 136 young (139264K), 11 survivors (11264K)
 Metaspace       used 43617K, capacity 44561K, committed 44848K, reserved 1089536K
  class space    used 5384K, capacity 5706K, committed 5760K, reserved 1048576K
}

Deoptimization events (20 events):
Event: 14.731 Thread 0x00000214f9f3d000 DEOPT PACKING pc=0x00000214e043d4f6 sp=0x000000e5954fe460
Event: 14.732 Thread 0x00000214f9f3d000 DEOPT UNPACKING pc=0x00000214df5fa95e sp=0x000000e5954fd980 mode 0
Event: 14.736 Thread 0x00000214f9f3d000 DEOPT PACKING pc=0x00000214e043d4f6 sp=0x000000e5954fe460
Event: 14.736 Thread 0x00000214f9f3d000 DEOPT UNPACKING pc=0x00000214df5fa95e sp=0x000000e5954fd980 mode 0
Event: 14.922 Thread 0x00000214f9f43000 Uncommon trap: trap_request=0xffffff4d fr.pc=0x00000214e735649c relative=0x000000000000b45c
Event: 14.922 Thread 0x00000214f9f43000 Uncommon trap: reason=unstable_if action=reinterpret pc=0x00000214e735649c method=org.objectweb.asm.ClassReader.readCode(Lorg/objectweb/asm/MethodVisitor;Lorg/objectweb/asm/Context;I)V @ 98 c2
Event: 14.922 Thread 0x00000214f9f43000 DEOPT PACKING pc=0x00000214e735649c sp=0x000000e5953fe160
Event: 14.922 Thread 0x00000214f9f43000 DEOPT UNPACKING pc=0x00000214df5fa1af sp=0x000000e5953fe0d8 mode 2
Event: 14.932 Thread 0x00000214f9f43000 Uncommon trap: trap_request=0xffffff4d fr.pc=0x00000214e72bf008 relative=0x0000000000002f88
Event: 14.932 Thread 0x00000214f9f43000 Uncommon trap: reason=unstable_if action=reinterpret pc=0x00000214e72bf008 method=org.objectweb.asm.ClassReader.readCode(Lorg/objectweb/asm/MethodVisitor;Lorg/objectweb/asm/Context;I)V @ 2373 c2
Event: 14.932 Thread 0x00000214f9f43000 DEOPT PACKING pc=0x00000214e72bf008 sp=0x000000e5953fe170
Event: 14.932 Thread 0x00000214f9f43000 DEOPT UNPACKING pc=0x00000214df5fa1af sp=0x000000e5953fe0d8 mode 2
Event: 15.060 Thread 0x00000214f9f3d000 Uncommon trap: trap_request=0xffffff4d fr.pc=0x00000214e7346bfc relative=0x000000000000229c
Event: 15.060 Thread 0x00000214f9f3d000 Uncommon trap: reason=unstable_if action=reinterpret pc=0x00000214e7346bfc method=org.objectweb.asm.MethodWriter.visitFrame(II[Ljava/lang/Object;I[Ljava/lang/Object;)V @ 771 c2
Event: 15.060 Thread 0x00000214f9f3d000 DEOPT PACKING pc=0x00000214e7346bfc sp=0x000000e5954fdf10
Event: 15.060 Thread 0x00000214f9f3d000 DEOPT UNPACKING pc=0x00000214df5fa1af sp=0x000000e5954fdee8 mode 2
Event: 15.068 Thread 0x00000214f9f43000 Uncommon trap: trap_request=0xffffff4d fr.pc=0x00000214e71c3d14 relative=0x00000000000002d4
Event: 15.072 Thread 0x00000214f9f43000 Uncommon trap: reason=unstable_if action=reinterpret pc=0x00000214e71c3d14 method=java.io.BufferedOutputStream.write([BII)V @ 6 c2
Event: 15.072 Thread 0x00000214f9f43000 DEOPT PACKING pc=0x00000214e71c3d14 sp=0x000000e5953fe640
Event: 15.072 Thread 0x00000214f9f43000 DEOPT UNPACKING pc=0x00000214df5fa1af sp=0x000000e5953fe5e8 mode 2

Classes redefined (0 events):
No events

Internal exceptions (20 events):
Event: 12.805 Thread 0x00000214f8fff000 Exception <a 'java/lang/ClassNotFoundException'{0x000000008e1e97a8}: org/gradle/internal/metaobject/ConfigureDelegateBeanInfo> (0x000000008e1e97a8) thrown at [src/hotspot/share/classfile/systemDictionary.cpp, line 230]
Event: 12.805 Thread 0x00000214f8fff000 Exception <a 'java/lang/ClassNotFoundException'{0x000000008e007228}: org/gradle/internal/metaobject/ConfigureDelegateCustomizer> (0x000000008e007228) thrown at [src/hotspot/share/classfile/systemDictionary.cpp, line 230]
Event: 12.810 Thread 0x00000214f8fff000 Exception <a 'java/lang/ClassNotFoundException'{0x000000008e063a10}: org/gradle/api/internal/initialization/DefaultScriptHandlerBeanInfo> (0x000000008e063a10) thrown at [src/hotspot/share/classfile/systemDictionary.cpp, line 230]
Event: 12.810 Thread 0x00000214f8fff000 Exception <a 'java/lang/ClassNotFoundException'{0x000000008e084a90}: org/gradle/api/internal/initialization/DefaultScriptHandlerCustomizer> (0x000000008e084a90) thrown at [src/hotspot/share/classfile/systemDictionary.cpp, line 230]
Event: 12.905 Thread 0x00000214f8fff000 Exception <a 'java/lang/ClassNotFoundException'{0x000000008d8065f0}: org/gradle/api/internal/artifacts/dsl/dependencies/DefaultDependencyHandler_DecoratedBeanInfo> (0x000000008d8065f0) thrown at [src/hotspot/share/classfile/systemDictionary.cpp, line 230]
Event: 12.906 Thread 0x00000214f8fff000 Exception <a 'java/lang/ClassNotFoundException'{0x000000008d8396a8}: org/gradle/api/internal/artifacts/dsl/dependencies/DefaultDependencyHandlerBeanInfo> (0x000000008d8396a8) thrown at [src/hotspot/share/classfile/systemDictionary.cpp, line 230]
Event: 12.906 Thread 0x00000214f8fff000 Exception <a 'java/lang/ClassNotFoundException'{0x000000008d86c7a0}: org/gradle/api/internal/artifacts/dsl/dependencies/DefaultDependencyHandlerCustomizer> (0x000000008d86c7a0) thrown at [src/hotspot/share/classfile/systemDictionary.cpp, line 230]
Event: 12.907 Thread 0x00000214f8fff000 Exception <a 'java/lang/ClassNotFoundException'{0x000000008d8be8c8}: org/gradle/api/internal/artifacts/dsl/dependencies/DefaultDependencyHandler_DecoratedCustomizer> (0x000000008d8be8c8) thrown at [src/hotspot/share/classfile/systemDictionary.cpp, line 230]
Event: 12.956 Thread 0x00000214f8fff000 Exception <a 'java/lang/NoSuchMethodError'{0x000000008d3b8fe8}: 'java.lang.Object java.lang.invoke.DirectMethodHandle$Holder.invokeStatic(java.lang.Object, int, java.lang.Object)'> (0x000000008d3b8fe8) thrown at [src/hotspot/share/interpreter/linkResolver.cpp, line 773]
Event: 13.032 Thread 0x00000214f8fff000 Exception <a 'java/lang/NoSuchMethodError'{0x000000008cca8638}: 'java.lang.Object java.lang.invoke.DirectMethodHandle$Holder.invokeStatic(java.lang.Object, java.lang.Object, java.lang.Object, int)'> (0x000000008cca8638) thrown at [src/hotspot/share/interpreter/linkResolver.cpp, line 773]
Event: 13.033 Thread 0x00000214f8fff000 Exception <a 'java/lang/NoSuchMethodError'{0x000000008ccacc50}: 'java.lang.Object java.lang.invoke.DirectMethodHandle$Holder.invokeSpecial(java.lang.Object, java.lang.Object, java.lang.Object, java.lang.Object, int)'> (0x000000008ccacc50) thrown at [src/hotspot/share/interpreter/linkResolver.cpp, line 773]
Event: 13.033 Thread 0x00000214f8fff000 Exception <a 'java/lang/NoSuchMethodError'{0x000000008ccb0b88}: 'java.lang.Object java.lang.invoke.Invokers$Holder.linkToTargetMethod(java.lang.Object, java.lang.Object, int, java.lang.Object)'> (0x000000008ccb0b88) thrown at [src/hotspot/share/interpreter/linkResolver.cpp, line 773]
Event: 13.035 Thread 0x00000214f8fff000 Exception <a 'java/lang/NoSuchMethodError'{0x000000008ccfb758}: 'int java.lang.invoke.DirectMethodHandle$Holder.invokeInterface(java.lang.Object, java.lang.Object)'> (0x000000008ccfb758) thrown at [src/hotspot/share/interpreter/linkResolver.cpp, line 773]
Event: 13.035 Thread 0x00000214f8fff000 Exception <a 'java/lang/IncompatibleClassChangeError'{0x000000008ccfef90}: Found class java.lang.Object, but interface was expected> (0x000000008ccfef90) thrown at [src/hotspot/share/interpreter/linkResolver.cpp, line 839]
Event: 13.062 Thread 0x00000214f8fff000 Exception <a 'java/lang/NoSuchMethodError'{0x000000008ca8b058}: 'java.lang.Object java.lang.invoke.Invokers$Holder.linkToTargetMethod(java.lang.Object, int, java.lang.Object)'> (0x000000008ca8b058) thrown at [src/hotspot/share/interpreter/linkResolver.cpp, line 773]
Event: 13.096 Thread 0x00000214f8fff000 Exception <a 'java/lang/NoSuchMethodError'{0x000000008c6068e0}: 'int java.lang.invoke.DirectMethodHandle$Holder.invokeStaticInit(java.lang.Object)'> (0x000000008c6068e0) thrown at [src/hotspot/share/interpreter/linkResolver.cpp, line 773]
Event: 15.092 Thread 0x00000214f9f43000 Exception <a 'sun/nio/fs/WindowsException'{0x000000008f098480}> (0x000000008f098480) thrown at [src/hotspot/share/prims/jni.cpp, line 617]
Event: 15.092 Thread 0x00000214f9f43000 Exception <a 'sun/nio/fs/WindowsException'{0x000000008f098620}> (0x000000008f098620) thrown at [src/hotspot/share/prims/jni.cpp, line 617]
Event: 15.192 Thread 0x00000214f9f43000 Exception <a 'sun/nio/fs/WindowsException'{0x000000008f0988b8}> (0x000000008f0988b8) thrown at [src/hotspot/share/prims/jni.cpp, line 617]
Event: 15.192 Thread 0x00000214f9f43000 Exception <a 'sun/nio/fs/WindowsException'{0x000000008f098bc0}> (0x000000008f098bc0) thrown at [src/hotspot/share/prims/jni.cpp, line 617]

Events (20 events):
Event: 13.686 Executing VM operation: G1CollectForAllocation done
Event: 13.905 Executing VM operation: G1CollectForAllocation
Event: 13.905 Executing VM operation: G1CollectForAllocation done
Event: 13.905 Executing VM operation: G1CollectForAllocation
Event: 13.908 Executing VM operation: G1CollectForAllocation done
Event: 14.126 Executing VM operation: G1CollectForAllocation
Event: 14.130 Executing VM operation: G1CollectForAllocation done
Event: 14.412 Executing VM operation: G1CollectForAllocation
Event: 14.420 Executing VM operation: G1CollectForAllocation done
Event: 14.597 Executing VM operation: G1CollectForAllocation
Event: 14.605 Executing VM operation: G1CollectForAllocation done
Event: 14.754 Executing VM operation: G1CollectForAllocation
Event: 14.762 Executing VM operation: G1CollectForAllocation done
Event: 14.894 Executing VM operation: G1CollectForAllocation
Event: 14.897 Executing VM operation: G1CollectForAllocation done
Event: 15.068 Executing VM operation: G1CollectForAllocation
Event: 15.072 Executing coalesced safepoint VM operation: RevokeBias
Event: 15.072 Executing coalesced safepoint VM operation: RevokeBias done
Event: 15.072 Executing VM operation: G1CollectForAllocation done
Event: 15.374 Executing VM operation: G1CollectForAllocation


Dynamic libraries:
0x00007ff623930000 - 0x00007ff62393a000 	C:\Program Files\Android\Android Studio\jbr\bin\java.exe
0x00007ffbdcfa0000 - 0x00007ffbdd1a9000 	C:\WINDOWS\SYSTEM32\ntdll.dll
0x00007ffbdb790000 - 0x00007ffbdb84e000 	C:\WINDOWS\System32\KERNEL32.DLL
0x00007ffbda770000 - 0x00007ffbdaaec000 	C:\WINDOWS\System32\KERNELBASE.dll
0x00007ffbdac60000 - 0x00007ffbdad71000 	C:\WINDOWS\System32\ucrtbase.dll
0x00007ffbd71b0000 - 0x00007ffbd71c7000 	C:\Program Files\Android\Android Studio\jbr\bin\jli.dll
0x00007ffbbd730000 - 0x00007ffbbd74b000 	C:\Program Files\Android\Android Studio\jbr\bin\VCRUNTIME140.dll
0x00007ffbdafd0000 - 0x00007ffbdb17d000 	C:\WINDOWS\System32\USER32.dll
0x00007ffbda470000 - 0x00007ffbda496000 	C:\WINDOWS\System32\win32u.dll
0x00007ffb92ad0000 - 0x00007ffb92d75000 	C:\WINDOWS\WinSxS\amd64_microsoft.windows.common-controls_6595b64144ccf1df_6.0.22000.120_none_9d947278b86cc467\COMCTL32.dll
0x00007ffbdcf30000 - 0x00007ffbdcf59000 	C:\WINDOWS\System32\GDI32.dll
0x00007ffbdcda0000 - 0x00007ffbdce43000 	C:\WINDOWS\System32\msvcrt.dll
0x00007ffbda510000 - 0x00007ffbda628000 	C:\WINDOWS\System32\gdi32full.dll
0x00007ffbdad80000 - 0x00007ffbdae1d000 	C:\WINDOWS\System32\msvcp_win.dll
0x00007ffbdcd60000 - 0x00007ffbdcd91000 	C:\WINDOWS\System32\IMM32.DLL
0x00007ffbbc9e0000 - 0x00007ffbbc9ec000 	C:\Program Files\Android\Android Studio\jbr\bin\vcruntime140_1.dll
0x00007ffb90810000 - 0x00007ffb9089d000 	C:\Program Files\Android\Android Studio\jbr\bin\msvcp140.dll
0x00007ffb19940000 - 0x00007ffb1a4fc000 	C:\Program Files\Android\Android Studio\jbr\bin\server\jvm.dll
0x00007ffbdce70000 - 0x00007ffbdcf1e000 	C:\WINDOWS\System32\ADVAPI32.dll
0x00007ffbdb260000 - 0x00007ffbdb2fe000 	C:\WINDOWS\System32\sechost.dll
0x00007ffbdb310000 - 0x00007ffbdb430000 	C:\WINDOWS\System32\RPCRT4.dll
0x00007ffbdcf20000 - 0x00007ffbdcf28000 	C:\WINDOWS\System32\PSAPI.DLL
0x00007ffbd7240000 - 0x00007ffbd7249000 	C:\WINDOWS\SYSTEM32\WSOCK32.dll
0x00007ffbd4240000 - 0x00007ffbd4273000 	C:\WINDOWS\SYSTEM32\WINMM.dll
0x00007ffbdaf30000 - 0x00007ffbdaf9f000 	C:\WINDOWS\System32\WS2_32.dll
0x00007ffbd29b0000 - 0x00007ffbd29ba000 	C:\WINDOWS\SYSTEM32\VERSION.dll
0x00007ffbd95e0000 - 0x00007ffbd95f8000 	C:\WINDOWS\SYSTEM32\kernel.appcore.dll
0x00007ffbd7230000 - 0x00007ffbd7240000 	C:\Program Files\Android\Android Studio\jbr\bin\verify.dll
0x00007ffbd7770000 - 0x00007ffbd7991000 	C:\WINDOWS\SYSTEM32\DBGHELP.DLL
0x00007ffbcf3b0000 - 0x00007ffbcf3e1000 	C:\WINDOWS\SYSTEM32\dbgcore.DLL
0x00007ffbda630000 - 0x00007ffbda6af000 	C:\WINDOWS\System32\bcryptPrimitives.dll
0x00007ffbd7200000 - 0x00007ffbd7228000 	C:\Program Files\Android\Android Studio\jbr\bin\java.dll
0x00007ffbd71f0000 - 0x00007ffbd71fa000 	C:\Program Files\Android\Android Studio\jbr\bin\jimage.dll
0x00007ffbd71d0000 - 0x00007ffbd71e8000 	C:\Program Files\Android\Android Studio\jbr\bin\zip.dll
0x00007ffbdc590000 - 0x00007ffbdcd55000 	C:\WINDOWS\System32\SHELL32.dll
0x00007ffbd8570000 - 0x00007ffbd8dd5000 	C:\WINDOWS\SYSTEM32\windows.storage.dll
0x00007ffbdb860000 - 0x00007ffbdbbd6000 	C:\WINDOWS\System32\combase.dll
0x00007ffbd8400000 - 0x00007ffbd8566000 	C:\WINDOWS\SYSTEM32\wintypes.dll
0x00007ffbdbde0000 - 0x00007ffbdbeca000 	C:\WINDOWS\System32\SHCORE.dll
0x00007ffbdae20000 - 0x00007ffbdae7d000 	C:\WINDOWS\System32\shlwapi.dll
0x00007ffbda3a0000 - 0x00007ffbda3c1000 	C:\WINDOWS\SYSTEM32\profapi.dll
0x00007ffbd65f0000 - 0x00007ffbd6609000 	C:\Program Files\Android\Android Studio\jbr\bin\net.dll
0x00007ffbd48d0000 - 0x00007ffbd49e2000 	C:\WINDOWS\SYSTEM32\WINHTTP.dll
0x00007ffbd9a80000 - 0x00007ffbd9ae7000 	C:\WINDOWS\system32\mswsock.dll
0x00007ffbbd860000 - 0x00007ffbbd873000 	C:\Program Files\Android\Android Studio\jbr\bin\nio.dll
0x00007ffbd72a0000 - 0x00007ffbd72c7000 	D:\androicoban\DuanmauAndroid\native\fdc75f09e3144964f2cf3f50f0aa648679c211496f362492102eb8c894070792\windows-amd64\native-platform.dll
0x00007ffba60d0000 - 0x00007ffba6266000 	D:\androicoban\DuanmauAndroid\native\12488b8bf47d2d4c9fbf2f6322a914ad602e24e48041cd04a747c6da556b65c4\windows-amd64\native-platform-file-events.dll
0x00007ffbd65e0000 - 0x00007ffbd65ea000 	C:\Program Files\Android\Android Studio\jbr\bin\management.dll
0x00007ffbbe140000 - 0x00007ffbbe14b000 	C:\Program Files\Android\Android Studio\jbr\bin\management_ext.dll
0x00007ffbd9cd0000 - 0x00007ffbd9ce8000 	C:\WINDOWS\SYSTEM32\CRYPTSP.dll
0x00007ffbd9540000 - 0x00007ffbd9575000 	C:\WINDOWS\system32\rsaenh.dll
0x00007ffbd9b70000 - 0x00007ffbd9b99000 	C:\WINDOWS\SYSTEM32\USERENV.dll
0x00007ffbd9e50000 - 0x00007ffbd9e77000 	C:\WINDOWS\SYSTEM32\bcrypt.dll
0x00007ffbd9cc0000 - 0x00007ffbd9ccc000 	C:\WINDOWS\SYSTEM32\CRYPTBASE.dll
0x00007ffbd9150000 - 0x00007ffbd917d000 	C:\WINDOWS\SYSTEM32\IPHLPAPI.DLL
0x00007ffbdb850000 - 0x00007ffbdb859000 	C:\WINDOWS\System32\NSI.dll
0x00007ffbd4a20000 - 0x00007ffbd4a39000 	C:\WINDOWS\SYSTEM32\dhcpcsvc6.DLL
0x00007ffbd4b60000 - 0x00007ffbd4b7e000 	C:\WINDOWS\SYSTEM32\dhcpcsvc.DLL
0x00007ffbd9180000 - 0x00007ffbd9268000 	C:\WINDOWS\SYSTEM32\DNSAPI.dll
0x00007ffbd4a10000 - 0x00007ffbd4a1c000 	C:\WINDOWS\SYSTEM32\WINNSI.DLL
0x00007ffbd9600000 - 0x00007ffbd9634000 	C:\WINDOWS\SYSTEM32\ntmarta.dll

dbghelp: loaded successfully - version: 4.0.5 - missing functions: none
symbol engine: initialized successfully - sym options: 0x614 - pdb path: .;C:\Program Files\Android\Android Studio\jbr\bin;C:\WINDOWS\SYSTEM32;C:\WINDOWS\WinSxS\amd64_microsoft.windows.common-controls_6595b64144ccf1df_6.0.22000.120_none_9d947278b86cc467;C:\Program Files\Android\Android Studio\jbr\bin\server;D:\androicoban\DuanmauAndroid\native\fdc75f09e3144964f2cf3f50f0aa648679c211496f362492102eb8c894070792\windows-amd64;D:\androicoban\DuanmauAndroid\native\12488b8bf47d2d4c9fbf2f6322a914ad602e24e48041cd04a747c6da556b65c4\windows-amd64

VM Arguments:
jvm_args: --add-opens=java.base/java.util=ALL-UNNAMED --add-opens=java.base/java.lang=ALL-UNNAMED --add-opens=java.base/java.lang.invoke=ALL-UNNAMED --add-opens=java.prefs/java.util.prefs=ALL-UNNAMED -Xmx2048m -Dfile.encoding=UTF-8 -Duser.country=US -Duser.language=en -Duser.variant 
java_command: org.gradle.launcher.daemon.bootstrap.GradleDaemon 6.7.1
java_class_path (initial): D:\androicoban\DuanmauAndroid\wrapper\dists\gradle-6.7.1-all\2moa8rlfac5eqlcfgk98k0deb\gradle-6.7.1\lib\gradle-launcher-6.7.1.jar
Launcher Type: SUN_STANDARD

[Global flags]
     intx CICompilerCount                          = 4                                         {product} {ergonomic}
     uint ConcGCThreads                            = 3                                         {product} {ergonomic}
     uint G1ConcRefinementThreads                  = 10                                        {product} {ergonomic}
   size_t G1HeapRegionSize                         = 1048576                                   {product} {ergonomic}
    uintx GCDrainStackTargetSize                   = 64                                        {product} {ergonomic}
   size_t InitialHeapSize                          = 266338304                                 {product} {ergonomic}
   size_t MarkStackSize                            = 4194304                                   {product} {ergonomic}
   size_t MaxHeapSize                              = 2147483648                                {product} {command line}
   size_t MaxNewSize                               = 1287651328                                {product} {ergonomic}
   size_t MinHeapDeltaBytes                        = 1048576                                   {product} {ergonomic}
    uintx NonNMethodCodeHeapSize                   = 5836300                                {pd product} {ergonomic}
    uintx NonProfiledCodeHeapSize                  = 122910970                              {pd product} {ergonomic}
    uintx ProfiledCodeHeapSize                     = 122910970                              {pd product} {ergonomic}
    uintx ReservedCodeCacheSize                    = 251658240                              {pd product} {ergonomic}
     bool SegmentedCodeCache                       = true                                      {product} {ergonomic}
     bool UseCompressedClassPointers               = true                                 {lp64_product} {ergonomic}
     bool UseCompressedOops                        = true                                 {lp64_product} {ergonomic}
     bool UseG1GC                                  = true                                      {product} {ergonomic}
     bool UseLargePagesIndividualAllocation        = false                                  {pd product} {ergonomic}

Logging:
Log output configuration:
 #0: stdout all=warning uptime,level,tags
 #1: stderr all=off uptime,level,tags

Environment Variables:
PATH=C:\Program Files\Common Files\Oracle\Java\javapath;C:\Windows\system32;C:\Windows;C:\Windows\System32\Wbem;C:\Windows\System32\WindowsPowerShell\v1.0\;C:\Windows\System32\OpenSSH\;C:\Program Files (x86)\NVIDIA Corporation\PhysX\Common;C:\Program Files\NVIDIA Corporation\NVIDIA NvDLISR;C:\Program Files\Microsoft SQL Server\130\Tools\Binn\;D:\tmd\bin;D:\t?p lt;C:\WINDOWS\system32;C:\WINDOWS;C:\WINDOWS\System32\Wbem;C:\WINDOWS\System32\WindowsPowerShell\v1.0\;C:\WINDOWS\System32\OpenSSH\;C:\Program Files\Microsoft SQL Server\Client SDK\ODBC\170\Tools\Binn\;C:\Program Files (x86)\Microsoft SQL Server\150\Tools\Binn\;C:\Program Files\Microsoft SQL Server\150\Tools\Binn\;C:\Program Files\Microsoft SQL Server\150\DTS\Binn\;C:\Program Files (x86)\Microsoft SQL Server\150\DTS\Binn\;C:\Program Files\Azure Data Studio\bin;D:\Program Files\Nox\bin;C:\Program Files\Git\cmd;D:\nodejs\;C:\Users\pc\AppData\Local\Microsoft\WindowsApps;C:\Users\pc\AppData\Local\Programs\Microsoft VS Code\bin;;C:\Program Files\Azure Data Studio\bin;C:\Users\pc\AppData\Roaming\npm
USERNAME=pc
OS=Windows_NT
PROCESSOR_IDENTIFIER=Intel64 Family 6 Model 165 Stepping 2, GenuineIntel



---------------  S Y S T E M  ---------------

OS: Windows 11 , 64 bit Build 22000 (10.0.22000.1516)
OS uptime: 0 days 1:29 hours

CPU:total 12 (initial active 12) (6 cores per cpu, 2 threads per core) family 6 model 165 stepping 2 microcode 0xe0, cmov, cx8, fxsr, mmx, sse, sse2, sse3, ssse3, sse4.1, sse4.2, popcnt, avx, avx2, aes, clmul, erms, 3dnowpref, lzcnt, ht, tsc, tscinvbit, bmi1, bmi2, adx, fma

Memory: 4k page, system-wide physical 16215M (1274M free)
TotalPageFile size 28503M (AvailPageFile size 7M)
current process WorkingSet (physical memory assigned to process): 489M, peak: 493M
current process commit charge ("private bytes"): 590M, peak: 595M

vm_info: OpenJDK 64-Bit Server VM (11.0.15+0-b2043.56-9505619) for windows-amd64 JRE (11.0.15+0-b2043.56-9505619), built on Jan 19 2023 02:48:00 by "builduser" with unknown MS VC++:1929

END.
